#----------------------------------------------------------------------------------
# Model[03000]:
#   - NcHICosmo : XCDM - Constant EOS
#----------------------------------------------------------------------------------
# Model parameters
#   -            H0[00]:  70                  [FIXED]
#   -        Omegac[01]:  0.25                [FIXED]
#   -        Omegak[02]:  0                   [FIXED]
#   -       Tgamma0[03]:  2.7245              [FIXED]
#   -            Yp[04]:  0.24                [FIXED]
#   -          ENnu[05]:  3.046               [FIXED]
#   -        Omegab[06]:  0.05                [FIXED]
#   -           w_0[07]: -1                   [FIXED]
#   -           w_1[08]: -1                   [FIXED]
#   -           w_2[09]: -1                   [FIXED]
#   -           w_3[10]: -1                   [FIXED]
#   -           w_4[11]: -1                   [FIXED]
#   -           w_5[12]: -1                   [FIXED]
#----------------------------------------------------------------------------------
# Model[14000]:
#   - NcSNIADistCov : Supernovae Ia Distance Covariance
#----------------------------------------------------------------------------------
# Model parameters
#   -         alpha[00]:  0.145               [FIXED]
#   -          beta[01]:  3.16                [FIXED]
#   -            M1[02]: -19                  [FIXED]
#   -            M2[03]: -19.2                [FIXED]
#   -  lnsigma_pecz[04]: -7.60021041          [FIXED]
#   -  lnsigma_lens[05]: -2.90042209374967    [FIXED]
#   - lnsigma_int_0[06]: -2.52572864430826    [FIXED]
#   - lnsigma_int_1[07]: -2.22562405185792    [FIXED]
#   - lnsigma_int_2[08]: -2.00991547903123    [FIXED]
#   - lnsigma_int_3[09]: -2.30258509299405    [FIXED]
#----------------------------------------------------------------------------------
# Model fitting. Interating using:
#  - solver:            NLOpt:ln-neldermead
#  - differentiation:   Numerical differentiantion (forward)
#...................................................................................................................................................................................................................................
#  Minimum found with precision: |df|/f =  1.00000e-08 and |dx| =  1.00000e-05
#  Elapsed time: 00 days, 00:02:59.9926400
#  iteration            [002188]
#  function evaluations [002190]
#  gradient evaluations [000000]
#  degrees of freedom   [000756]
#  m2lnL     =     704.703587133801 (     682.12398    0.22273812   0.071159018    0.16716046     1.2490377     6.1211683     9.1542438     4.8047973    0.78930743 )
#  Fit parameters:
#     67.8621612363533     0.246344855487042   -0.00539218446767113 -1.09862048925571    -0.944255890183822   -1.0110917677204     -0.979791616588022   -0.712677836385004   -0.816282709592643    0.141307781579624    3.10169378808225    -19.1185735063789    -19.1885591047095    
#----------------------------------------------------------------------------------
# Restarting:              yes
#  - absolute improvement: 49.7498085469448      
#  - relative improvement: 0.0659415264504912    
#  - m2lnL_0  :            754.453395680746      
#  - m2lnL_1  :            704.703587133801      
#----------------------------------------------------------------------------------
# Model fitting. Interating using:
#  - solver:            NLOpt:ln-neldermead
#  - differentiation:   Numerical differentiantion (forward)
#......................................................................................................................................................................................................................................................................................................
#  Minimum found with precision: |df|/f =  1.00000e-08 and |dx| =  1.00000e-05
#  Elapsed time: 00 days, 00:03:55.4816050
#  iteration            [002852]
#  function evaluations [002854]
#  gradient evaluations [000000]
#  degrees of freedom   [000756]
#  m2lnL     =     703.895144520469 (     681.60302    0.19892444   0.096678924   0.098566818      1.213304     6.0086994     9.1102591     4.8768062    0.68888934 )
#  Fit parameters:
#     67.9169643366524     0.243211287243318    0.019544059513452   -1.26683697609094    -0.931188438831321   -1.15164361697168    -0.00218444692930065 -1.34491624485265    -0.00012747603592719  0.141513142123227    3.11148946036177    -19.1224914069478    -19.1953911605768    
#----------------------------------------------------------------------------------
# Restarting:              yes
#  - absolute improvement: 0.808442613332545     
#  - relative improvement: 0.00114720944818895   
#  - m2lnL_1  :            704.703587133801      
#  - m2lnL_2  :            703.895144520469      
#----------------------------------------------------------------------------------
# Model fitting. Interating using:
#  - solver:            NLOpt:ln-neldermead
#  - differentiation:   Numerical differentiantion (forward)
#................................................................................................................................................................................................................................................................................................................................................................................................................................................................................................................................
#  Minimum found with precision: |df|/f =  1.00000e-08 and |dx| =  1.00000e-05
#  Elapsed time: 00 days, 00:07:33.9784270
#  iteration            [005035]
#  function evaluations [005037]
#  gradient evaluations [000000]
#  degrees of freedom   [000756]
#  m2lnL     =     703.305053816547 (     681.08172    0.13697613    0.12596619   0.089364929     1.1768377     6.0309368     9.0370418     4.8456071    0.78060044 )
#  Fit parameters:
#     67.9060882325536     0.244925896198235    0.0691626151282378  -1.45177795645033    -0.936172429811428   -1.40930674898977    -0.0203028681406102  -0.00125656643744587 -0.314601679013259    0.141294173607203    3.10385933451323    -19.1264480926681    -19.1966793684607    
#----------------------------------------------------------------------------------
# Restarting:              yes
#  - absolute improvement: 0.590090703921419     
#  - relative improvement: 0.000838321884324718  
#  - m2lnL_2  :            703.895144520469      
#  - m2lnL_3  :            703.305053816547      
#----------------------------------------------------------------------------------
# Model fitting. Interating using:
#  - solver:            NLOpt:ln-neldermead
#  - differentiation:   Numerical differentiantion (forward)
#...............................................................................................................................................................................................
#  Minimum found with precision: |df|/f =  1.00000e-08 and |dx| =  1.00000e-05
#  Elapsed time: 00 days, 00:02:46.3954830
#  iteration            [001828]
#  function evaluations [001830]
#  gradient evaluations [000000]
#  degrees of freedom   [000756]
#  m2lnL     =     703.221657067863 (     680.98149    0.12912339    0.12908832   0.069217065      1.170095     6.0097414     9.0403571     4.8670048    0.82554166 )
#  Fit parameters:
#     67.9164542697837     0.245085399599258    0.0756125012056014  -1.48679709865076    -0.935459900120262   -1.47396897156337    -2.5740030584292e-05 -3.37743810956895e-05 -0.2794941129476      0.141480964961371    3.10243531775494    -19.1260187744295    -19.1961171534714    
#----------------------------------------------------------------------------------
# Restarting:              yes
#  - absolute improvement: 0.0833967486845495    
#  - relative improvement: 0.000118578344108278  
#  - m2lnL_3  :            703.305053816547      
#  - m2lnL_4  :            703.221657067863      
#----------------------------------------------------------------------------------
# Model fitting. Interating using:
#  - solver:            NLOpt:ln-neldermead
#  - differentiation:   Numerical differentiantion (forward)
#..........................................................................................................................................................................................................................................
#  Minimum found with precision: |df|/f =  1.00000e-08 and |dx| =  1.00000e-05
#  Elapsed time: 00 days, 00:03:24.9963020
#  iteration            [002257]
#  function evaluations [002259]
#  gradient evaluations [000000]
#  degrees of freedom   [000756]
#  m2lnL     =     703.192281239444 (     680.95662     0.1274674    0.12989191   0.064692346      1.168919     6.0070965     9.0397637     4.8700854    0.82774585 )
#  Fit parameters:
#     67.9177491080088     0.245068398896403    0.0781252559937185  -1.49802867771048    -0.936518337114243   -1.49404804013237    -5.65836825967917e-05 -0.00113874981764962 -4.99969054072751     0.141498023681044    3.1027189498447     -19.1262376999476    -19.1963229135509    
#----------------------------------------------------------------------------------
# Restarting:              yes
#  - absolute improvement: 0.0293758284183241    
#  - relative improvement: 4.1773213499722e-05   
#  - m2lnL_4  :            703.221657067863      
#  - m2lnL_5  :            703.192281239444      
#----------------------------------------------------------------------------------
# Model fitting. Interating using:
#  - solver:            NLOpt:ln-neldermead
#  - differentiation:   Numerical differentiantion (forward)
#.......................................................
#  Minimum found with precision: |df|/f =  1.00000e-08 and |dx| =  1.00000e-05
#  Elapsed time: 00 days, 00:00:39.1125830
#  iteration            [000460]
#  function evaluations [000462]
#  gradient evaluations [000000]
#  degrees of freedom   [000756]
#  m2lnL     =      703.19101307032 (     680.96036    0.12766955    0.12797799   0.063928739     1.1696563     6.0073031     9.0390363      4.868033    0.82704636 )
#  Fit parameters:
#     67.9176479301718     0.245063922207149    0.0781058637400019  -1.49684727218456    -0.937474638926109   -1.49194795647238    -3.2284652461185e-05 -9.47452570406125e-05 -4.99985135246491     0.141470785134065    3.10297892572015    -19.1262474743256    -19.196294357767     
#----------------------------------------------------------------------------------
# Restarting:              yes
#  - absolute improvement: 0.0012681691242733    
#  - relative improvement: 1.80344574038559e-06  
#  - m2lnL_5  :            703.192281239444      
#  - m2lnL_6  :            703.19101307032       
#----------------------------------------------------------------------------------
# Model fitting. Interating using:
#  - solver:            NLOpt:ln-neldermead
#  - differentiation:   Numerical differentiantion (forward)
#....................................................
#  Minimum found with precision: |df|/f =  1.00000e-08 and |dx| =  1.00000e-05
#  Elapsed time: 00 days, 00:00:37.4862220
#  iteration            [000434]
#  function evaluations [000436]
#  gradient evaluations [000000]
#  degrees of freedom   [000756]
#  m2lnL     =      703.19088465522 (     680.95831    0.12850397    0.12961077   0.064347146     1.1695062     6.0067162     9.0366056     4.8668521    0.83043131 )
#  Fit parameters:
#     67.917935270149      0.245091195444048    0.0781110836022278  -1.49493170366823    -0.937751889294143   -1.49272808032704    -3.87975181942941e-05 -3.22935862803106e-06 -4.99979628380804     0.141485766611815    3.10270870938289    -19.1261406112096    -19.1961989105496    
#----------------------------------------------------------------------------------
# Restarting:              no
#  - absolute improvement: 0.000128415100220991  
#  - relative improvement: 1.82617664097122e-07  
#  - m2lnL_6  :            703.19101307032       
#  - m2lnL_7  :            703.19088465522       
#----------------------------------------------------------------------------------
# Data used:
#   - JLA SNLS3+SDSS Betoule 2014 sys and stat (complete cov)
#   - 6dFGRS -- Beutler (2011), BAO Sample R-Dv
#   - SDSS-DR7-rec -- Padmanabhan (2012), BAO Sample R-Dv
#   - SDSS-DR9-rec -- Anderson (2012), BAO Sample R-Dv
#   - WiggleZ -- Blake (2012), BAO Sample R-Dv
#   - Riess 2008 HST Project sample
#   - Stern 2009 H(z) sample
#   - Moresco 2012 H(z) BC03 sample
#   - WMAP9 distance priors
#----------------------------------------------------------------------------------
# Model[03000]:
#   - NcHICosmo : XCDM - Constant EOS
#----------------------------------------------------------------------------------
# Model parameters
#   -            H0[00]:  67.917935270149     [FREE]
#   -        Omegac[01]:  0.245091195444048   [FREE]
#   -        Omegak[02]:  0.0781110836022278  [FREE]
#   -       Tgamma0[03]:  2.7245              [FIXED]
#   -            Yp[04]:  0.24                [FIXED]
#   -          ENnu[05]:  3.046               [FIXED]
#   -        Omegab[06]:  0.05                [FIXED]
#   -           w_0[07]: -1.49493170366823    [FREE]
#   -           w_1[08]: -0.937751889294143   [FREE]
#   -           w_2[09]: -1.49272808032704    [FREE]
#   -           w_3[10]: -3.87975181942941e-05 [FREE]
#   -           w_4[11]: -3.22935862803106e-06 [FREE]
#   -           w_5[12]: -4.99979628380804    [FREE]
#----------------------------------------------------------------------------------
# Model[14000]:
#   - NcSNIADistCov : Supernovae Ia Distance Covariance
#----------------------------------------------------------------------------------
# Model parameters
#   -         alpha[00]:  0.141485766611815   [FREE]
#   -          beta[01]:  3.10270870938289    [FREE]
#   -            M1[02]: -19.1261406112096    [FREE]
#   -            M2[03]: -19.1961989105496    [FREE]
#   -  lnsigma_pecz[04]: -7.60021041          [FIXED]
#   -  lnsigma_lens[05]: -2.90042209374967    [FIXED]
#   - lnsigma_int_0[06]: -2.52572864430826    [FIXED]
#   - lnsigma_int_1[07]: -2.22562405185792    [FIXED]
#   - lnsigma_int_2[08]: -2.00991547903123    [FIXED]
#   - lnsigma_int_3[09]: -2.30258509299405    [FIXED]
#----------------------------------------------------------------------------------
# NcmMSet parameters covariance matrix
#                                                  ----------------------------------------------------------------------------------------------------------------------------------------------------------------------------------------------------
#     H0[03000:00] =  67.92       +/-  1.013       |  1           | -0.642       | -nan         | -0.3518      |  0.1336      | -nan         | -nan         | -nan         | -nan         |  0.04047     |  0.04958     |  0.4442      |  0.4246      |
# Omegac[03000:01] =  0.2451      +/-  0.01645     | -0.642       |  1           | -nan         |  0.2978      | -0.1074      | -nan         | -nan         | -nan         | -nan         | -0.04825     | -0.06025     | -0.1103      | -0.1182      |
# Omegak[03000:02] =  0.07811     +/- -nan         | -nan         | -nan         | -1           | -nan         | -nan         |  1.643       |  0.7909      | -0.1866      |  1.011       | -nan         | -nan         | -nan         | -nan         |
#    w_0[03000:07] = -1.495       +/-  0.443       | -0.3518      |  0.2978      | -nan         |  1           | -1.565       | -nan         | -nan         | -nan         | -nan         | -0.07075     | -0.03553     |  0.4468      |  0.4042      |
#    w_1[03000:08] = -0.9378      +/-  0.2684      |  0.1336      | -0.1074      | -nan         | -1.565       |  1           | -nan         | -nan         | -nan         | -nan         |  0.02673     |  0.0003584   | -0.3068      | -0.2923      |
#    w_2[03000:09] = -1.493       +/- -nan         | -nan         | -nan         |  1.643       | -nan         | -nan         | -1           | -0.878       |  0.2417      | -1.832       | -nan         | -nan         | -nan         | -nan         |
#    w_3[03000:10] = -3.88e-05    +/- -nan         | -nan         | -nan         |  0.7909      | -nan         | -nan         | -0.878       | -1           | -3.722       | -0.9676      | -nan         | -nan         | -nan         | -nan         |
#    w_4[03000:11] = -3.229e-06   +/- -nan         | -nan         | -nan         | -0.1866      | -nan         | -nan         |  0.2417      | -3.722       | -1           | -0.4141      | -nan         | -nan         | -nan         | -nan         |
#    w_5[03000:12] = -5           +/- -nan         | -nan         | -nan         |  1.011       | -nan         | -nan         | -1.832       | -0.9676      | -0.4141      | -1           | -nan         | -nan         | -nan         | -nan         |
#  alpha[14000:00] =  0.1415      +/-  0.009337    |  0.04047     | -0.04825     | -nan         | -0.07075     |  0.02673     | -nan         | -nan         | -nan         | -nan         |  1           | -0.05077     |  0.05728     | -0.131       |
#   beta[14000:01] =  3.103       +/-  0.1138      |  0.04958     | -0.06025     | -nan         | -0.03553     |  0.0003584   | -nan         | -nan         | -nan         | -nan         | -0.05077     |  1           |  0.04911     |  0.02817     |
#     M1[14000:02] = -19.13       +/-  0.04068     |  0.4442      | -0.1103      | -nan         |  0.4468      | -0.3068      | -nan         | -nan         | -nan         | -nan         |  0.05728     |  0.04911     |  1           |  0.7026      |
#     M2[14000:03] = -19.2        +/-  0.0438      |  0.4246      | -0.1182      | -nan         |  0.4042      | -0.2923      | -nan         | -nan         | -nan         | -nan         | -0.131       |  0.02817     |  0.7026      |  1           |
#                                                  ----------------------------------------------------------------------------------------------------------------------------------------------------------------------------------------------------
