#----------------------------------------------------------------------------------
# Model[03000]:
#   - NcHICosmo : XCDM - Constant EOS
#----------------------------------------------------------------------------------
# Model parameters
#   -            H0[00]:  70                  [FIXED]
#   -        Omegac[01]:  0.25                [FIXED]
#   -        Omegak[02]:  0                   [FIXED]
#   -       Tgamma0[03]:  2.7245              [FIXED]
#   -            Yp[04]:  0.24                [FIXED]
#   -          ENnu[05]:  3.046               [FIXED]
#   -        Omegab[06]:  0.05                [FIXED]
#   -           w_0[07]: -1                   [FIXED]
#   -           w_1[08]: -1                   [FIXED]
#   -           w_2[09]: -1                   [FIXED]
#   -           w_3[10]: -1                   [FIXED]
#   -           w_4[11]: -1                   [FIXED]
#   -           w_5[12]: -1                   [FIXED]
#   -           w_6[13]: -1                   [FIXED]
#   -           w_7[14]: -1                   [FIXED]
#----------------------------------------------------------------------------------
# Model[14000]:
#   - NcSNIADistCov : Supernovae Ia Distance Covariance
#----------------------------------------------------------------------------------
# Model parameters
#   -         alpha[00]:  0.145               [FIXED]
#   -          beta[01]:  3.16                [FIXED]
#   -            M1[02]: -19                  [FIXED]
#   -            M2[03]: -19.2                [FIXED]
#   -  lnsigma_pecz[04]: -7.60021041          [FIXED]
#   -  lnsigma_lens[05]: -2.90042209374967    [FIXED]
#   - lnsigma_int_0[06]: -2.52572864430826    [FIXED]
#   - lnsigma_int_1[07]: -2.22562405185792    [FIXED]
#   - lnsigma_int_2[08]: -2.00991547903123    [FIXED]
#   - lnsigma_int_3[09]: -2.30258509299405    [FIXED]
#----------------------------------------------------------------------------------
# Model fitting. Interating using:
#  - solver:            NLOpt:ln-neldermead
#  - differentiation:   Numerical differentiantion (forward)
#.............................................................................................................................................................................................................................................................
#  Minimum found with precision: |df|/f =  1.00000e-08 and |dx| =  1.00000e-05
#  Elapsed time: 00 days, 00:09:51.3640450
#  iteration            [002449]
#  function evaluations [002451]
#  gradient evaluations [000000]
#  degrees of freedom   [000754]
#  m2lnL     =     702.518388466291 (     680.86125    0.12201503    0.20340772   0.013488225     1.3319634     5.6628359     8.7019237     4.5959814     1.0255205 )
#  Fit parameters:
#     68.0887886530252     0.240703744263478   -0.00348786956211616 -1.67014811529581    -0.796602433211076   -1.28312663018213    -0.615249650320553   -0.910044262136565   -1.08594005307426    -0.939294094608036   -0.822332491541388    0.141371817097382    3.09920222753485    -19.1269946115645    -19.1973742869693    
#----------------------------------------------------------------------------------
# Restarting:              yes
#  - absolute improvement: 51.9350072144549      
#  - relative improvement: 0.0688379262546678    
#  - m2lnL_0  :            754.453395680746      
#  - m2lnL_1  :            702.518388466291      
#----------------------------------------------------------------------------------
# Model fitting. Interating using:
#  - solver:            NLOpt:ln-neldermead
#  - differentiation:   Numerical differentiantion (forward)
#.....................................................................................................................................................................................................................................................................................................................................................................................................................
#  Minimum found with precision: |df|/f =  1.00000e-08 and |dx| =  1.00000e-05
#  Elapsed time: 00 days, 00:16:05.5815380
#  iteration            [003964]
#  function evaluations [003966]
#  gradient evaluations [000000]
#  degrees of freedom   [000754]
#  m2lnL     =     701.334704526015 (     681.57713    0.14677939    0.16437231    0.05091696     1.5928271     5.5501375     7.7122817     3.4348014      1.105461 )
#  Fit parameters:
#     68.1459048559021     0.238529711753493   -0.00652858488656743 -1.7676238021469     -0.818545696891811   -1.368662189909      -6.13929812252192e-06 -4.55026640654224    -0.166604074199968   -0.23463823074097    -2.65855667975809     0.141328757929771    3.09593233747566    -19.1272336852887    -19.1976705700017    
#----------------------------------------------------------------------------------
# Restarting:              yes
#  - absolute improvement: 1.18368394027618      
#  - relative improvement: 0.00168491524166414   
#  - m2lnL_1  :            702.518388466291      
#  - m2lnL_2  :            701.334704526015      
#----------------------------------------------------------------------------------
# Model fitting. Interating using:
#  - solver:            NLOpt:ln-neldermead
#  - differentiation:   Numerical differentiantion (forward)
#.........................................
#  Minimum found with precision: |df|/f =  1.00000e-08 and |dx| =  1.00000e-05
#  Elapsed time: 00 days, 00:01:19.0716430
#  iteration            [000325]
#  function evaluations [000327]
#  gradient evaluations [000000]
#  degrees of freedom   [000754]
#  m2lnL     =     701.334624386155 (      681.5752    0.14630327    0.16279256   0.052101744     1.5930065     5.5523223     7.7142239     3.4363395     1.1023302 )
#  Fit parameters:
#     68.144792081691      0.238525201826918   -0.00653323544332971 -1.76828082007812    -0.818597443709104   -1.3688195783292     -1.4174898476477e-05 -4.54911982575556    -0.156105728860781   -0.22753731597777    -2.65772735726235     0.141351649490323    3.09598870154652    -19.1273631283964    -19.1978720362835    
#----------------------------------------------------------------------------------
# Restarting:              no
#  - absolute improvement: 8.01398600742687e-05  
#  - relative improvement: 1.1426763791538e-07   
#  - m2lnL_2  :            701.334704526015      
#  - m2lnL_3  :            701.334624386155      
#----------------------------------------------------------------------------------
# Data used:
#   - JLA SNLS3+SDSS Betoule 2014 sys and stat (complete cov)
#   - 6dFGRS -- Beutler (2011), BAO Sample R-Dv
#   - SDSS-DR7-rec -- Padmanabhan (2012), BAO Sample R-Dv
#   - SDSS-DR9-rec -- Anderson (2012), BAO Sample R-Dv
#   - WiggleZ -- Blake (2012), BAO Sample R-Dv
#   - Riess 2008 HST Project sample
#   - Stern 2009 H(z) sample
#   - Moresco 2012 H(z) BC03 sample
#   - WMAP9 distance priors
#----------------------------------------------------------------------------------
# Model[03000]:
#   - NcHICosmo : XCDM - Constant EOS
#----------------------------------------------------------------------------------
# Model parameters
#   -            H0[00]:  68.144792081691     [FREE]
#   -        Omegac[01]:  0.238525201826918   [FREE]
#   -        Omegak[02]: -0.00653323544332971 [FREE]
#   -       Tgamma0[03]:  2.7245              [FIXED]
#   -            Yp[04]:  0.24                [FIXED]
#   -          ENnu[05]:  3.046               [FIXED]
#   -        Omegab[06]:  0.05                [FIXED]
#   -           w_0[07]: -1.76828082007812    [FREE]
#   -           w_1[08]: -0.818597443709104   [FREE]
#   -           w_2[09]: -1.3688195783292     [FREE]
#   -           w_3[10]: -1.4174898476477e-05 [FREE]
#   -           w_4[11]: -4.54911982575556    [FREE]
#   -           w_5[12]: -0.156105728860781   [FREE]
#   -           w_6[13]: -0.22753731597777    [FREE]
#   -           w_7[14]: -2.65772735726235    [FREE]
#----------------------------------------------------------------------------------
# Model[14000]:
#   - NcSNIADistCov : Supernovae Ia Distance Covariance
#----------------------------------------------------------------------------------
# Model parameters
#   -         alpha[00]:  0.141351649490323   [FREE]
#   -          beta[01]:  3.09598870154652    [FREE]
#   -            M1[02]: -19.1273631283964    [FREE]
#   -            M2[03]: -19.1978720362835    [FREE]
#   -  lnsigma_pecz[04]: -7.60021041          [FIXED]
#   -  lnsigma_lens[05]: -2.90042209374967    [FIXED]
#   - lnsigma_int_0[06]: -2.52572864430826    [FIXED]
#   - lnsigma_int_1[07]: -2.22562405185792    [FIXED]
#   - lnsigma_int_2[08]: -2.00991547903123    [FIXED]
#   - lnsigma_int_3[09]: -2.30258509299405    [FIXED]
#----------------------------------------------------------------------------------
# NcmMSet parameters covariance matrix
#                                                  ----------------------------------------------------------------------------------------------------------------------------------------------------------------------------------------------------------------------------------
#     H0[03000:00] =  68.14       +/-  1.04        |  1           | -0.668       | -nan         | -0.2957      |  0.1761      | -0.09104     | -0.01183     |  0.01508     | -nan         | -nan         | -nan         |  0.0411      |  0.04373     |  0.4075      |  0.3902      |
# Omegac[03000:01] =  0.2385      +/-  0.01663     | -0.668       |  1           | -nan         |  0.3182      | -0.2366      |  0.02039     |  0.0104      | -0.09961     | -nan         | -nan         | -nan         | -0.04848     | -0.05214     | -0.07923     | -0.08687     |
# Omegak[03000:02] = -0.006533    +/- -nan         | -nan         | -nan         | -1           | -nan         | -nan         | -nan         | -nan         | -nan         | -0.7625      | -1.158       | -0.6899      | -nan         | -nan         | -nan         | -nan         |
#    w_0[03000:07] = -1.768       +/-  0.6901      | -0.2957      |  0.3182      | -nan         |  1           | -0.9216      |  0.2934      | -0.01853     | -0.02396     | -nan         | -nan         | -nan         | -0.0515      | -0.01719     |  0.4227      |  0.3911      |
#    w_1[03000:08] = -0.8186      +/-  0.2262      |  0.1761      | -0.2366      | -nan         | -0.9216      |  1           | -0.2784      | -0.009759    | -0.01621     | -nan         | -nan         | -nan         |  0.02563     | -0.01571     | -0.3113      | -0.297       |
#    w_2[03000:09] = -1.369       +/-  0.2975      | -0.09104     |  0.02039     | -nan         |  0.2934      | -0.2784      |  1           | -0.05713     | -0.08521     | -nan         | -nan         | -nan         |  0.01241     |  0.0131      | -0.03524     | -0.0223      |
#    w_3[03000:10] = -1.417e-05   +/-  0.0512      | -0.01183     |  0.0104      | -nan         | -0.01853     | -0.009759    | -0.05713     |  1           |  0.06634     | -nan         | -nan         | -nan         | -0.001545    | -0.002381    | -0.007775    | -0.007812    |
#    w_4[03000:11] = -4.549       +/-  1.643       |  0.01508     | -0.09961     | -nan         | -0.02396     | -0.01621     | -0.08521     |  0.06634     |  1           | -nan         | -nan         | -nan         |  0.008531    |  0.0184      | -0.04211     | -0.03633     |
#    w_5[03000:12] = -0.1561      +/- -nan         | -nan         | -nan         | -0.7625      | -nan         | -nan         | -nan         | -nan         | -nan         | -1           | -0.5109      | -0.8499      | -nan         | -nan         | -nan         | -nan         |
#    w_6[03000:13] = -0.2275      +/- -nan         | -nan         | -nan         | -1.158       | -nan         | -nan         | -nan         | -nan         | -nan         | -0.5109      | -1           | -0.5878      | -nan         | -nan         | -nan         | -nan         |
#    w_7[03000:14] = -2.658       +/- -nan         | -nan         | -nan         | -0.6899      | -nan         | -nan         | -nan         | -nan         | -nan         | -0.8499      | -0.5878      | -1           | -nan         | -nan         | -nan         | -nan         |
#  alpha[14000:00] =  0.1414      +/-  0.009329    |  0.0411      | -0.04848     | -nan         | -0.0515      |  0.02563     |  0.01241     | -0.001545    |  0.008531    | -nan         | -nan         | -nan         |  1           | -0.05079     |  0.05362     | -0.1307      |
#   beta[14000:01] =  3.096       +/-  0.1137      |  0.04373     | -0.05214     | -nan         | -0.01719     | -0.01571     |  0.0131      | -0.002381    |  0.0184      | -nan         | -nan         | -nan         | -0.05079     |  1           |  0.04842     |  0.02795     |
#     M1[14000:02] = -19.13       +/-  0.04159     |  0.4075      | -0.07923     | -nan         |  0.4227      | -0.3113      | -0.03524     | -0.007775    | -0.04211     | -nan         | -nan         | -nan         |  0.05362     |  0.04842     |  1           |  0.7155      |
#     M2[14000:03] = -19.2        +/-  0.04471     |  0.3902      | -0.08687     | -nan         |  0.3911      | -0.297       | -0.0223      | -0.007812    | -0.03633     | -nan         | -nan         | -nan         | -0.1307      |  0.02795     |  0.7155      |  1           |
#                                                  ----------------------------------------------------------------------------------------------------------------------------------------------------------------------------------------------------------------------------------
