#----------------------------------------------------------------------------------
# Model[03000]:
#   - NcHICosmo : XCDM - Constant EOS
#----------------------------------------------------------------------------------
# Model parameters
#   -            H0[00]:  69.2007353311245    [FREE]
#   -        Omegac[01]:  0.250253128377972   [FREE]
#   -        Omegak[02]:  0.00800933943093796 [FREE]
#   -       Tgamma0[03]:  2.7245              [FIXED]
#   -            Yp[04]:  0.24                [FIXED]
#   -          ENnu[05]:  3.046               [FIXED]
#   -        Omegab[06]:  0.05                [FIXED]
#   -           w_0[07]: -0.936770451425255   [FREE]
#   -           w_1[08]: -0.978669436053265   [FREE]
#   -           w_2[09]: -0.92643761827677    [FREE]
#   -           w_3[10]: -0.0582566513998397  [FREE]
#   -           w_4[11]: -0.00198178293333384 [FREE]
#----------------------------------------------------------------------------------
# Model[14000]:
#   - NcSNIADistCov : Supernovae Ia Distance Covariance
#----------------------------------------------------------------------------------
# Model parameters
#   -         alpha[00]:  0.140801611804055   [FREE]
#   -          beta[01]:  3.09681488380623    [FREE]
#   -            M1[02]: -19.0615681728493    [FREE]
#   -            M2[03]: -19.1328002402402    [FREE]
#   -  lnsigma_pecz[04]: -7.60021041          [FIXED]
#   -  lnsigma_lens[05]: -2.90042209374967    [FIXED]
#   - lnsigma_int_0[06]: -2.52572864430826    [FIXED]
#   - lnsigma_int_1[07]: -2.22562405185792    [FIXED]
#   - lnsigma_int_2[08]: -2.00991547903123    [FIXED]
#   - lnsigma_int_3[09]: -2.30258509299405    [FIXED]
#----------------------------------------------------------------------------------
# Model fitting. Interating using:
#  - solver:            NLOpt:ln-neldermead
#  - differentiation:   Numerical differentiantion (forward)
#..........................................................................................................
#  Minimum found with precision: |df|/f =  1.00000e-08 and |dx| =  1.00000e-05
#  Elapsed time: 00 days, 00:02:48.0643910
#  iteration            [000978]
#  function evaluations [000980]
#  gradient evaluations [000000]
#  degrees of freedom   [000757]
#  m2lnL     =     701.406038461672 (     682.64235   0.056047567   0.065570042   0.031943672     1.3251411     3.7076598      8.029591     4.4498385     1.0978993 )
#  Fit parameters:
#     69.1787317080092     0.250233620310745    0.00795252001187147 -0.935796692840781   -0.978810714031978   -0.928245614466704   -0.0594363251075922  -0.00511847035562951  0.141094418366067    3.09635787740313    -19.0622155957931    -19.1340132324624    
#----------------------------------------------------------------------------------
# Restarting:              yes
#  - absolute improvement: 0.00302124838697182   
#  - relative improvement: 4.30739857882747e-06  
#  - m2lnL_0  :            701.409059710059      
#  - m2lnL_1  :            701.406038461672      
#----------------------------------------------------------------------------------
# Model fitting. Interating using:
#  - solver:            NLOpt:ln-neldermead
#  - differentiation:   Numerical differentiantion (forward)
#..................................................................................................................................................................................................................................
#  Minimum found with precision: |df|/f =  1.00000e-08 and |dx| =  1.00000e-05
#  Elapsed time: 00 days, 00:06:14.1593400
#  iteration            [002173]
#  function evaluations [002175]
#  gradient evaluations [000000]
#  degrees of freedom   [000757]
#  m2lnL     =      701.33696271082 (     682.60724   0.061426988    0.04422219   0.042780579      1.308533     3.6673027     7.9743968     4.5815356     1.0495237 )
#  Fit parameters:
#     69.2039512915792     0.251189298953411    0.0104334114450306  -0.89559486808334    -0.981589611327974   -0.986340912437328   -0.0417884404253451  -0.0572075004031669   0.140861693913539    3.0955492299773     -19.0577160225649    -19.1287351860955    
#----------------------------------------------------------------------------------
# Restarting:              yes
#  - absolute improvement: 0.0690757508521074    
#  - relative improvement: 9.84818308716086e-05  
#  - m2lnL_1  :            701.406038461672      
#  - m2lnL_2  :            701.33696271082       
#----------------------------------------------------------------------------------
# Model fitting. Interating using:
#  - solver:            NLOpt:ln-neldermead
#  - differentiation:   Numerical differentiantion (forward)
#........................................................................................................................
#  Minimum found with precision: |df|/f =  1.00000e-08 and |dx| =  1.00000e-05
#  Elapsed time: 00 days, 00:03:10.6983590
#  iteration            [001114]
#  function evaluations [001116]
#  gradient evaluations [000000]
#  degrees of freedom   [000757]
#  m2lnL     =     701.327752963422 (      682.5684   0.062283198   0.051622745   0.056740332     1.3126736     3.6751547     7.9890561     4.5612981     1.0505234 )
#  Fit parameters:
#     69.1990336617175     0.251189230325598    0.00896956483547288 -0.898073440558611   -0.984129792036734   -0.987930494922218   -0.0416139349783821  -1.21313035456012e-05  0.140885492784819    3.09585574351797    -19.0587951538249    -19.1295492728729    
#----------------------------------------------------------------------------------
# Restarting:              yes
#  - absolute improvement: 0.00920974739767644   
#  - relative improvement: 1.31317011470189e-05  
#  - m2lnL_2  :            701.33696271082       
#  - m2lnL_3  :            701.327752963422      
#----------------------------------------------------------------------------------
# Model fitting. Interating using:
#  - solver:            NLOpt:ln-neldermead
#  - differentiation:   Numerical differentiantion (forward)
#...........................................
#  Minimum found with precision: |df|/f =  1.00000e-08 and |dx| =  1.00000e-05
#  Elapsed time: 00 days, 00:00:58.7444100
#  iteration            [000346]
#  function evaluations [000348]
#  gradient evaluations [000000]
#  degrees of freedom   [000757]
#  m2lnL     =     701.327752963422 (      682.5684   0.062283198   0.051622745   0.056740332     1.3126736     3.6751547     7.9890561     4.5612981     1.0505234 )
#  Fit parameters:
#     69.1990336617175     0.251189230325598    0.00896956483547288 -0.898073440558611   -0.984129792036734   -0.987930494922218   -0.0416139349783821  -1.21313035456012e-05  0.140885492784819    3.09585574351797    -19.0587951538249    -19.1295492728729    
#----------------------------------------------------------------------------------
# Restarting:              no
#  - absolute improvement: 0                     
#  - relative improvement: 0                     
#  - m2lnL_3  :            701.327752963422      
#  - m2lnL_4  :            701.327752963422      
#----------------------------------------------------------------------------------
# Data used:
#   - JLA SNLS3+SDSS Betoule 2014 sys and stat (complete cov)
#   - 6dFGRS -- Beutler (2011), BAO Sample R-Dv
#   - SDSS-DR7-rec -- Padmanabhan (2012), BAO Sample R-Dv
#   - SDSS-DR9-rec -- Anderson (2012), BAO Sample R-Dv
#   - WiggleZ -- Blake (2012), BAO Sample R-Dv
#   - Riess 2008 HST Project sample
#   - Stern 2009 H(z) sample
#   - Moresco 2012 H(z) BC03 sample
#   - WMAP9 distance priors
#----------------------------------------------------------------------------------
# Model[03000]:
#   - NcHICosmo : XCDM - Constant EOS
#----------------------------------------------------------------------------------
# Model parameters
#   -            H0[00]:  69.1990336617175    [FREE]
#   -        Omegac[01]:  0.251189230325598   [FREE]
#   -        Omegak[02]:  0.00896956483547288 [FREE]
#   -       Tgamma0[03]:  2.7245              [FIXED]
#   -            Yp[04]:  0.24                [FIXED]
#   -          ENnu[05]:  3.046               [FIXED]
#   -        Omegab[06]:  0.05                [FIXED]
#   -           w_0[07]: -0.898073440558611   [FREE]
#   -           w_1[08]: -0.984129792036734   [FREE]
#   -           w_2[09]: -0.987930494922218   [FREE]
#   -           w_3[10]: -0.0416139349783821  [FREE]
#   -           w_4[11]: -1.21313035456012e-05 [FREE]
#----------------------------------------------------------------------------------
# Model[14000]:
#   - NcSNIADistCov : Supernovae Ia Distance Covariance
#----------------------------------------------------------------------------------
# Model parameters
#   -         alpha[00]:  0.140885492784819   [FREE]
#   -          beta[01]:  3.09585574351797    [FREE]
#   -            M1[02]: -19.0587951538249    [FREE]
#   -            M2[03]: -19.1295492728729    [FREE]
#   -  lnsigma_pecz[04]: -7.60021041          [FIXED]
#   -  lnsigma_lens[05]: -2.90042209374967    [FIXED]
#   - lnsigma_int_0[06]: -2.52572864430826    [FIXED]
#   - lnsigma_int_1[07]: -2.22562405185792    [FIXED]
#   - lnsigma_int_2[08]: -2.00991547903123    [FIXED]
#   - lnsigma_int_3[09]: -2.30258509299405    [FIXED]
#----------------------------------------------------------------------------------
# NcmMSet parameters covariance matrix
#                                                  -------------------------------------------------------------------------------------------------------------------------------------------------------------------------------------
#     H0[03000:00] =  69.2        +/-  1.484       |  1           | -0.2639      | -0.03278     |  0.09961     |  0.006327    | -0.09801     |  0.00681     |  0.0569      |  0.001962    |  0.007575    |  0.7851      |  0.7619      |
# Omegac[03000:01] =  0.2512      +/-  0.01707     | -0.2639      |  1           |  0.142       |  0.3519      | -0.08554     | -0.3205      |  0.09065     | -0.0447      | -0.04924     | -0.05919     |  0.06455     |  0.04931     |
# Omegak[03000:02] =  0.00897     +/-  0.05842     | -0.03278     |  0.142       |  1           | -0.008034    | -0.9971      |  0.2419      |  0.9966      | -1.351       | -0.04077     | -0.06033     |  0.1902      |  0.1726      |
#    w_0[03000:07] = -0.8981      +/-  0.2399      |  0.09961     |  0.3519      | -0.008034    |  1           |  0.01902     | -0.972       | -0.01278     |  0.06176     | -0.06455     | -0.05301     |  0.4641      |  0.4337      |
#    w_1[03000:08] = -0.9841      +/-  3.697e-08   |  0.006327    | -0.08554     | -0.9971      |  0.01902     |  1           | -0.2533      | -0.9998      |  2.024e+06   |  0.03868     |  0.05764     | -0.1997      | -0.1825      |
#    w_2[03000:09] = -0.9879      +/-  0.3317      | -0.09801     | -0.3205      |  0.2419      | -0.972       | -0.2533      |  1           |  0.2472      |  0.09867     |  0.05337     |  0.03776     | -0.4023      | -0.3769      |
#    w_3[03000:10] = -0.04161     +/-  0.5322      |  0.00681     |  0.09065     |  0.9966      | -0.01278     | -0.9998      |  0.2472      |  1           | -1.457       | -0.03914     | -0.05806     |  0.2128      |  0.195       |
#    w_4[03000:11] = -1.213e-05   +/-  6.713e-11   |  0.0569      | -0.0447      | -1.351       |  0.06175     |  2.024e+06   |  0.09867     | -1.457       |  1           |  0.01628     |  0.01836     | -0.04986     | -0.04417     |
#  alpha[14000:00] =  0.1409      +/-  0.009322    |  0.001962    | -0.04924     | -0.04077     | -0.06455     |  0.03868     |  0.05337     | -0.03914     |  0.01628     |  1           | -0.05098     |  0.02442     | -0.1088      |
#   beta[14000:01] =  3.096       +/-  0.1137      |  0.007575    | -0.05919     | -0.06033     | -0.05301     |  0.05764     |  0.03776     | -0.05806     |  0.01836     | -0.05098     |  1           |  0.01262     | -0.0001935   |
#     M1[14000:02] = -19.06       +/-  0.05892     |  0.7851      |  0.06455     |  0.1902      |  0.4641      | -0.1997      | -0.4023      |  0.2128      | -0.04986     |  0.02442     |  0.01262     |  1           |  0.8515      |
#     M2[14000:03] = -19.13       +/-  0.06078     |  0.7619      |  0.04931     |  0.1726      |  0.4337      | -0.1825      | -0.3769      |  0.195       | -0.04417     | -0.1088      | -0.0001935   |  0.8515      |  1           |
#                                                  -------------------------------------------------------------------------------------------------------------------------------------------------------------------------------------
