#----------------------------------------------------------------------------------
# Model[03000]:
#   - NcHICosmo : XCDM - Constant EOS
#----------------------------------------------------------------------------------
# Model parameters
#   -            H0[00]:  70                  [FIXED]
#   -        Omegac[01]:  0.25                [FIXED]
#   -        Omegak[02]:  0                   [FIXED]
#   -       Tgamma0[03]:  2.7245              [FIXED]
#   -            Yp[04]:  0.24                [FIXED]
#   -          ENnu[05]:  3.046               [FIXED]
#   -        Omegab[06]:  0.05                [FIXED]
#   -           w_0[07]: -1                   [FIXED]
#   -           w_1[08]: -1                   [FIXED]
#   -           w_2[09]: -1                   [FIXED]
#   -           w_3[10]: -1                   [FIXED]
#----------------------------------------------------------------------------------
# Model[14000]:
#   - NcSNIADistCov : Supernovae Ia Distance Covariance
#----------------------------------------------------------------------------------
# Model parameters
#   -         alpha[00]:  0.145               [FIXED]
#   -          beta[01]:  3.16                [FIXED]
#   -            M1[02]: -19                  [FIXED]
#   -            M2[03]: -19.2                [FIXED]
#   -  lnsigma_pecz[04]: -7.60021041          [FIXED]
#   -  lnsigma_lens[05]: -2.90042209374967    [FIXED]
#   - lnsigma_int_0[06]: -2.52572864430826    [FIXED]
#   - lnsigma_int_1[07]: -2.22562405185792    [FIXED]
#   - lnsigma_int_2[08]: -2.00991547903123    [FIXED]
#   - lnsigma_int_3[09]: -2.30258509299405    [FIXED]
#----------------------------------------------------------------------------------
# Model fitting. Interating using:
#  - solver:            NLOpt:ln-neldermead
#  - differentiation:   Numerical differentiantion (forward)
#.......................................................................................................................................................
#  Minimum found with precision: |df|/f =  1.00000e-08 and |dx| =  1.00000e-05
#  Elapsed time: 00 days, 00:02:46.0311890
#  iteration            [001421]
#  function evaluations [001423]
#  gradient evaluations [000000]
#  degrees of freedom   [000758]
#  m2lnL     =      704.78243102843 (     682.53682    0.27306581   0.064249523    0.17767018     1.2946377     6.1888506     8.9212032     4.6109269    0.71501156 )
#  Fit parameters:
#     67.8294238544397     0.246570605480153   -0.00413854956250104 -1.01377205031039    -0.981088995586739   -0.970302065629423   -0.985542900945667    0.141277578314274    3.10119135810964    -19.1166863321415    -19.1866993667221    
#----------------------------------------------------------------------------------
# Restarting:              yes
#  - absolute improvement: 49.6709646523163      
#  - relative improvement: 0.0658370217917809    
#  - m2lnL_0  :            754.453395680746      
#  - m2lnL_1  :            704.78243102843       
#----------------------------------------------------------------------------------
# Model fitting. Interating using:
#  - solver:            NLOpt:ln-neldermead
#  - differentiation:   Numerical differentiantion (forward)
#......................................................................................................................................................................................................................
#  Minimum found with precision: |df|/f =  1.00000e-08 and |dx| =  1.00000e-05
#  Elapsed time: 00 days, 00:03:15.4582640
#  iteration            [002059]
#  function evaluations [002061]
#  gradient evaluations [000000]
#  degrees of freedom   [000758]
#  m2lnL     =     702.082521732355 (     682.42847   0.046375035    0.20390077      0.274565     1.3695997     3.9744512      8.224627     4.4223156     1.1382185 )
#  Fit parameters:
#     69.0153538258985     0.249435030213108   -0.00184919263643296 -0.960204693005045   -0.993472193464928   -0.881938862911379   -1.07804799414087     0.140128893302494    3.09296897141608    -19.0759199915855    -19.1460539690692    
#----------------------------------------------------------------------------------
# Restarting:              yes
#  - absolute improvement: 2.69990929607445      
#  - relative improvement: 0.00383084080591325   
#  - m2lnL_1  :            704.78243102843       
#  - m2lnL_2  :            702.082521732355      
#----------------------------------------------------------------------------------
# Model fitting. Interating using:
#  - solver:            NLOpt:ln-neldermead
#  - differentiation:   Numerical differentiantion (forward)
#.......................................................................................................................................................................................................................
#  Minimum found with precision: |df|/f =  1.00000e-08 and |dx| =  1.00000e-05
#  Elapsed time: 00 days, 00:03:13.9766830
#  iteration            [002064]
#  function evaluations [002066]
#  gradient evaluations [000000]
#  degrees of freedom   [000758]
#  m2lnL     =     701.464262758937 (     682.48801   0.052072575    0.10162096   0.090332659     1.3268766     3.6822183     8.0665239     4.4870291     1.1695778 )
#  Fit parameters:
#     69.1946143094881     0.250068048296472   -0.00886874865277938 -0.944811942171378   -0.965611581031677   -0.89410186917634     0                    0.141027783495936    3.09783464743302    -19.0647388280669    -19.1352153202558    
#----------------------------------------------------------------------------------
# Restarting:              yes
#  - absolute improvement: 0.618258973417824     
#  - relative improvement: 0.000880607270912113  
#  - m2lnL_2  :            702.082521732355      
#  - m2lnL_3  :            701.464262758937      
#----------------------------------------------------------------------------------
# Model fitting. Interating using:
#  - solver:            NLOpt:ln-neldermead
#  - differentiation:   Numerical differentiantion (forward)
#....................................................
#  Minimum found with precision: |df|/f =  1.00000e-08 and |dx| =  1.00000e-05
#  Elapsed time: 00 days, 00:00:40.5937880
#  iteration            [000437]
#  function evaluations [000439]
#  gradient evaluations [000000]
#  degrees of freedom   [000758]
#  m2lnL     =     701.464054117668 (     682.48678   0.053229686   0.098108668   0.086659747     1.3256815     3.6869386     8.0678795     4.4865489     1.1722288 )
#  Fit parameters:
#     69.1916633598788     0.2500143986203     -0.00884157979805355 -0.944769305586872   -0.965578060344422   -0.894147208823928   -4.22466846468122e-05  0.141029883838875    3.09773998785724    -19.0649553116173    -19.1354208161697    
#----------------------------------------------------------------------------------
# Restarting:              no
#  - absolute improvement: 0.000208641269750842  
#  - relative improvement: 2.97436777363729e-07  
#  - m2lnL_3  :            701.464262758937      
#  - m2lnL_4  :            701.464054117668      
#----------------------------------------------------------------------------------
# Data used:
#   - JLA SNLS3+SDSS Betoule 2014 sys and stat (complete cov)
#   - 6dFGRS -- Beutler (2011), BAO Sample R-Dv
#   - SDSS-DR7-rec -- Padmanabhan (2012), BAO Sample R-Dv
#   - SDSS-DR9-rec -- Anderson (2012), BAO Sample R-Dv
#   - WiggleZ -- Blake (2012), BAO Sample R-Dv
#   - Riess 2008 HST Project sample
#   - Stern 2009 H(z) sample
#   - Moresco 2012 H(z) BC03 sample
#   - WMAP9 distance priors
#----------------------------------------------------------------------------------
# Model[03000]:
#   - NcHICosmo : XCDM - Constant EOS
#----------------------------------------------------------------------------------
# Model parameters
#   -            H0[00]:  69.1916633598788    [FREE]
#   -        Omegac[01]:  0.2500143986203     [FREE]
#   -        Omegak[02]: -0.00884157979805355 [FREE]
#   -       Tgamma0[03]:  2.7245              [FIXED]
#   -            Yp[04]:  0.24                [FIXED]
#   -          ENnu[05]:  3.046               [FIXED]
#   -        Omegab[06]:  0.05                [FIXED]
#   -           w_0[07]: -0.944769305586872   [FREE]
#   -           w_1[08]: -0.965578060344422   [FREE]
#   -           w_2[09]: -0.894147208823928   [FREE]
#   -           w_3[10]: -4.22466846468122e-05 [FREE]
#----------------------------------------------------------------------------------
# Model[14000]:
#   - NcSNIADistCov : Supernovae Ia Distance Covariance
#----------------------------------------------------------------------------------
# Model parameters
#   -         alpha[00]:  0.141029883838875   [FREE]
#   -          beta[01]:  3.09773998785724    [FREE]
#   -            M1[02]: -19.0649553116173    [FREE]
#   -            M2[03]: -19.1354208161697    [FREE]
#   -  lnsigma_pecz[04]: -7.60021041          [FIXED]
#   -  lnsigma_lens[05]: -2.90042209374967    [FIXED]
#   - lnsigma_int_0[06]: -2.52572864430826    [FIXED]
#   - lnsigma_int_1[07]: -2.22562405185792    [FIXED]
#   - lnsigma_int_2[08]: -2.00991547903123    [FIXED]
#   - lnsigma_int_3[09]: -2.30258509299405    [FIXED]
#----------------------------------------------------------------------------------
# NcmMSet parameters covariance matrix
#                                                  ----------------------------------------------------------------------------------------------------------------------------------------------------------------------
#     H0[03000:00] =  69.19       +/-  1.486       |  1           | -0.326       | -0.4165      | -0.09952     |  0.07504     |  0.09951     | -nan         |  0.007736    |  0.01121     |  0.8504      |  0.8121      |
# Omegac[03000:01] =  0.25        +/-  0.0159      | -0.326       |  1           |  0.3743      | -0.054       |  0.04842     |  0.05401     | -nan         | -0.02639     | -0.04107     | -0.1397      | -0.1412      |
# Omegak[03000:02] = -0.008842    +/-  0.008841    | -0.4165      |  0.3743      |  1           | -0.6899      |  0.7076      |  0.6899      | -nan         | -0.03427     | -0.05714     | -0.1794      | -0.1819      |
#    w_0[03000:07] = -0.9448      +/-  0.00381     | -0.09952     | -0.054       | -0.6899      |  1           | -0.9994      | -1           | -nan         |  0.0334      |  0.05792     | -0.2753      | -0.2511      |
#    w_1[03000:08] = -0.9656      +/-  0.06286     |  0.07504     |  0.04842     |  0.7076      | -0.9994      |  1           |  0.9994      | -nan         | -0.03339     | -0.0579      |  0.2533      |  0.2302      |
#    w_2[03000:09] = -0.8941      +/-  0.2534      |  0.09951     |  0.05401     |  0.6899      | -1           |  0.9994      |  1           | -nan         | -0.0334      | -0.05792     |  0.2753      |  0.2511      |
#    w_3[03000:10] = -4.225e-05   +/- -nan         | -nan         | -nan         | -nan         | -nan         | -nan         | -nan         | -1           | -nan         | -nan         | -nan         | -nan         |
#  alpha[14000:00] =  0.141       +/-  0.009302    |  0.007736    | -0.02639     | -0.03427     |  0.0334      | -0.03339     | -0.0334      | -nan         |  1           | -0.05516     |  0.06449     | -0.08752     |
#   beta[14000:01] =  3.098       +/-  0.1136      |  0.01121     | -0.04107     | -0.05714     |  0.05792     | -0.0579      | -0.05792     | -nan         | -0.05516     |  1           |  0.04467     |  0.02758     |
#     M1[14000:02] = -19.06       +/-  0.05204     |  0.8504      | -0.1397      | -0.1794      | -0.2753      |  0.2533      |  0.2753      | -nan         |  0.06449     |  0.04467     |  1           |  0.8137      |
#     M2[14000:03] = -19.14       +/-  0.05466     |  0.8121      | -0.1412      | -0.1819      | -0.2511      |  0.2302      |  0.2511      | -nan         | -0.08752     |  0.02758     |  0.8137      |  1           |
#                                                  ----------------------------------------------------------------------------------------------------------------------------------------------------------------------
