#----------------------------------------------------------------------------------
# Model[03000]:
#   - NcHICosmo : XCDM - Constant EOS
#----------------------------------------------------------------------------------
# Model parameters
#   -            H0[00]:  70                  [FIXED]
#   -        Omegac[01]:  0.25                [FIXED]
#   -        Omegak[02]:  0                   [FIXED]
#   -       Tgamma0[03]:  2.7245              [FIXED]
#   -            Yp[04]:  0.24                [FIXED]
#   -          ENnu[05]:  3.046               [FIXED]
#   -        Omegab[06]:  0.05                [FIXED]
#   -           w_0[07]: -1                   [FIXED]
#   -           w_1[08]: -1                   [FIXED]
#   -           w_2[09]: -1                   [FIXED]
#   -           w_3[10]: -1                   [FIXED]
#   -           w_4[11]: -1                   [FIXED]
#   -           w_5[12]: -1                   [FIXED]
#   -           w_6[13]: -1                   [FIXED]
#   -           w_7[14]: -1                   [FIXED]
#   -           w_8[15]: -1                   [FIXED]
#----------------------------------------------------------------------------------
# Model[14000]:
#   - NcSNIADistCov : Supernovae Ia Distance Covariance
#----------------------------------------------------------------------------------
# Model parameters
#   -         alpha[00]:  0.145               [FIXED]
#   -          beta[01]:  3.16                [FIXED]
#   -            M1[02]: -19                  [FIXED]
#   -            M2[03]: -19.2                [FIXED]
#   -  lnsigma_pecz[04]: -7.60021041          [FIXED]
#   -  lnsigma_lens[05]: -2.90042209374967    [FIXED]
#   - lnsigma_int_0[06]: -2.52572864430826    [FIXED]
#   - lnsigma_int_1[07]: -2.22562405185792    [FIXED]
#   - lnsigma_int_2[08]: -2.00991547903123    [FIXED]
#   - lnsigma_int_3[09]: -2.30258509299405    [FIXED]
#----------------------------------------------------------------------------------
# Model fitting. Interating using:
#  - solver:            NLOpt:ln-neldermead
#  - differentiation:   Numerical differentiantion (forward)
#................................................................................................................................................................................................................................................................................................................................................................................................................................................................................
#  Minimum found with precision: |df|/f =  1.00000e-08 and |dx| =  1.00000e-05
#  Elapsed time: 00 days, 00:19:08.7244990
#  iteration            [004559]
#  function evaluations [004561]
#  gradient evaluations [000000]
#  degrees of freedom   [000753]
#  m2lnL     =     700.734074897994 (      681.4967   0.038422148  0.0026326606    0.13932613     1.4210832     3.9297964     8.0342725     4.2029523     1.4688887 )
#  Fit parameters:
#     69.0423086007152     0.244299833029324    0.00272439262364395 -1.40681451975936    -0.872192185896089   -1.17455080500875    -0.807465273523662   -0.780745401905394   -0.00520001635388244 -0.626503821520416   -0.0420001422192381  -1.01918120567851     0.141048101063369    3.09391363557466    -19.0796405918121    -19.1507749480254    
#----------------------------------------------------------------------------------
# Restarting:              yes
#  - absolute improvement: 53.7193207827526      
#  - relative improvement: 0.0712029677251057    
#  - m2lnL_0  :            754.453395680746      
#  - m2lnL_1  :            700.734074897994      
#----------------------------------------------------------------------------------
# Model fitting. Interating using:
#  - solver:            NLOpt:ln-neldermead
#  - differentiation:   Numerical differentiantion (forward)
#............................................................................................................................................................................................................................................................................................................................................................................................................................
#  Minimum found with precision: |df|/f =  1.00000e-08 and |dx| =  1.00000e-05
#  Elapsed time: 00 days, 00:17:00.6881890
#  iteration            [004031]
#  function evaluations [004033]
#  gradient evaluations [000000]
#  degrees of freedom   [000753]
#  m2lnL     =     700.515046665593 (     681.26365   0.027827935   0.002280709    0.15673496      1.407603     3.8866004     8.1127052     4.1956066     1.4620357 )
#  Fit parameters:
#     69.0685289461627     0.244685715290165    0.0100168725363034  -1.50988508009033    -0.857918222476467   -1.19351035031518    -0.867524762665062   -0.705689251540355   -0.0128006963239355  -1.43426067133977e-05 -0.155992448635242   -0.0802309166081266   0.141078244814428    3.09546637893929    -19.0834155683854    -19.1542836277186    
#----------------------------------------------------------------------------------
# Restarting:              yes
#  - absolute improvement: 0.219028232400774     
#  - relative improvement: 0.000312569689768059  
#  - m2lnL_1  :            700.734074897994      
#  - m2lnL_2  :            700.515046665593      
#----------------------------------------------------------------------------------
# Model fitting. Interating using:
#  - solver:            NLOpt:ln-neldermead
#  - differentiation:   Numerical differentiantion (forward)
#....................................................................................................................................................................................................
#  Minimum found with precision: |df|/f =  1.00000e-08 and |dx| =  1.00000e-05
#  Elapsed time: 00 days, 00:06:28.5802920
#  iteration            [001877]
#  function evaluations [001879]
#  gradient evaluations [000000]
#  degrees of freedom   [000753]
#  m2lnL     =     700.505464158628 (     681.31538   0.023718046  0.0053448394    0.15606167     1.3898514     3.7970475     8.0910263     4.2724449     1.4545915 )
#  Fit parameters:
#     69.1233566166266     0.245540965959879    0.00839226006192067 -1.46673508276564    -0.858475529911065   -1.16923105791354    -0.907064677441595   -0.731564697104787   -0.000822731011533559 -0.000749034092406892 -0.186453200133682   -0.000213322627446016  0.141125293045958    3.09457252272821    -19.0801635348119    -19.1510177024754    
#----------------------------------------------------------------------------------
# Restarting:              yes
#  - absolute improvement: 0.00958250696498908   
#  - relative improvement: 1.36792307468643e-05  
#  - m2lnL_2  :            700.515046665593      
#  - m2lnL_3  :            700.505464158628      
#----------------------------------------------------------------------------------
# Model fitting. Interating using:
#  - solver:            NLOpt:ln-neldermead
#  - differentiation:   Numerical differentiantion (forward)
#..............................................................................................................................
#  Minimum found with precision: |df|/f =  1.00000e-08 and |dx| =  1.00000e-05
#  Elapsed time: 00 days, 00:03:54.7727840
#  iteration            [001176]
#  function evaluations [001178]
#  gradient evaluations [000000]
#  degrees of freedom   [000753]
#  m2lnL     =     700.502894853349 (     681.28938   0.023464505  0.0045647547    0.16511979     1.4033201     3.8355363      8.094178      4.230812     1.4565176 )
#  Fit parameters:
#     69.0997139107534     0.245206011934874    0.00860159102474023 -1.50068108023257    -0.855127941889362   -1.18376465517789    -0.881628101393818   -0.733394575287743   -0.00580546590964611 -0.000893837265679441 -0.19209720283682    -7.10860660094441e-05  0.14112349903324     3.0943365499061     -19.0820525944529    -19.1527887973197    
#----------------------------------------------------------------------------------
# Restarting:              yes
#  - absolute improvement: 0.00256930527837085   
#  - relative improvement: 3.6677876331155e-06   
#  - m2lnL_3  :            700.505464158628      
#  - m2lnL_4  :            700.502894853349      
#----------------------------------------------------------------------------------
# Model fitting. Interating using:
#  - solver:            NLOpt:ln-neldermead
#  - differentiation:   Numerical differentiantion (forward)
#.......................................................................
#  Minimum found with precision: |df|/f =  1.00000e-08 and |dx| =  1.00000e-05
#  Elapsed time: 00 days, 00:01:59.2120010
#  iteration            [000624]
#  function evaluations [000626]
#  gradient evaluations [000000]
#  degrees of freedom   [000753]
#  m2lnL     =     700.502339109922 (     681.28455   0.022605288  0.0049514243    0.16651232     1.4005694     3.8186779     8.0941014     4.2420663     1.4683041 )
#  Fit parameters:
#     69.1100549141928     0.245224193222893    0.00861216549842787 -1.49995218856873    -0.854174715307026   -1.18129128293196    -0.888982568518458   -0.733943739479423   -3.53596351242523e-05 -0.000453612277103774 -0.1932951061195     -0.000773679123634011  0.141136197711023    3.0945586590857     -19.0817600532897    -19.1524855776317    
#----------------------------------------------------------------------------------
# Restarting:              no
#  - absolute improvement: 0.000555743427639754  
#  - relative improvement: 7.93349223426264e-07  
#  - m2lnL_4  :            700.502894853349      
#  - m2lnL_5  :            700.502339109922      
#----------------------------------------------------------------------------------
# Data used:
#   - JLA SNLS3+SDSS Betoule 2014 sys and stat (complete cov)
#   - 6dFGRS -- Beutler (2011), BAO Sample R-Dv
#   - SDSS-DR7-rec -- Padmanabhan (2012), BAO Sample R-Dv
#   - SDSS-DR9-rec -- Anderson (2012), BAO Sample R-Dv
#   - WiggleZ -- Blake (2012), BAO Sample R-Dv
#   - Riess 2008 HST Project sample
#   - Stern 2009 H(z) sample
#   - Moresco 2012 H(z) BC03 sample
#   - WMAP9 distance priors
#----------------------------------------------------------------------------------
# Model[03000]:
#   - NcHICosmo : XCDM - Constant EOS
#----------------------------------------------------------------------------------
# Model parameters
#   -            H0[00]:  69.1100549141928    [FREE]
#   -        Omegac[01]:  0.245224193222893   [FREE]
#   -        Omegak[02]:  0.00861216549842787 [FREE]
#   -       Tgamma0[03]:  2.7245              [FIXED]
#   -            Yp[04]:  0.24                [FIXED]
#   -          ENnu[05]:  3.046               [FIXED]
#   -        Omegab[06]:  0.05                [FIXED]
#   -           w_0[07]: -1.49995218856873    [FREE]
#   -           w_1[08]: -0.854174715307026   [FREE]
#   -           w_2[09]: -1.18129128293196    [FREE]
#   -           w_3[10]: -0.888982568518458   [FREE]
#   -           w_4[11]: -0.733943739479423   [FREE]
#   -           w_5[12]: -3.53596351242523e-05 [FREE]
#   -           w_6[13]: -0.000453612277103774 [FREE]
#   -           w_7[14]: -0.1932951061195     [FREE]
#   -           w_8[15]: -0.000773679123634011 [FREE]
#----------------------------------------------------------------------------------
# Model[14000]:
#   - NcSNIADistCov : Supernovae Ia Distance Covariance
#----------------------------------------------------------------------------------
# Model parameters
#   -         alpha[00]:  0.141136197711023   [FREE]
#   -          beta[01]:  3.0945586590857     [FREE]
#   -            M1[02]: -19.0817600532897    [FREE]
#   -            M2[03]: -19.1524855776317    [FREE]
#   -  lnsigma_pecz[04]: -7.60021041          [FIXED]
#   -  lnsigma_lens[05]: -2.90042209374967    [FIXED]
#   - lnsigma_int_0[06]: -2.52572864430826    [FIXED]
#   - lnsigma_int_1[07]: -2.22562405185792    [FIXED]
#   - lnsigma_int_2[08]: -2.00991547903123    [FIXED]
#   - lnsigma_int_3[09]: -2.30258509299405    [FIXED]
#----------------------------------------------------------------------------------
# NcmMSet parameters covariance matrix
#                                                  -------------------------------------------------------------------------------------------------------------------------------------------------------------------------------------------------------------------------------------------------
#     H0[03000:00] =  69.11       +/-  1.656       |  1           |  0.04349     | -0.193       |  0.2838      |  0.07102     |  0.3916      | -0.3572      |  0.07756     | -0.7648      | -0.01176     | -nan         |  0.3482      | -0.0007025   |  0.0261      |  0.7725      |  0.7589      |
# Omegac[03000:01] =  0.2452      +/-  0.02176     |  0.04349     |  1           |  0.003979    |  0.6345      | -0.2263      |  0.5224      | -0.5296      |  0.1681      | -1.106       |  0.08971     | -nan         |  0.5167      | -0.05181     | -0.01038     |  0.4461      |  0.4315      |
# Omegak[03000:02] =  0.008612    +/-  0.04999     | -0.193       |  0.003979    |  1           | -0.03385     | -0.2454      | -0.1292      | -0.08478     |  0.5371      |  2.126       |  0.5697      | -nan         |  0.4873      |  0.00706     |  0.01989     | -0.1427      | -0.1379      |
#    w_0[03000:07] = -1.5         +/-  1.122       |  0.2838      |  0.6345      | -0.03385     |  1           | -0.6144      |  0.7066      | -0.623       |  0.2288      | -0.7295      |  0.05085     | -nan         |  0.5929      | -0.0471      |  0.03072     |  0.6873      |  0.6738      |
#    w_1[03000:08] = -0.8542      +/-  0.2417      |  0.07102     | -0.2263      | -0.2454      | -0.6144      |  1           | -0.0485      | -0.05024     |  0.0279      |  1.11        | -0.3071      | -nan         | -0.169       |  0.02756     | -0.01857     | -0.2147      | -0.2146      |
#    w_2[03000:09] = -1.181       +/-  0.5832      |  0.3916      |  0.5224      | -0.1292      |  0.7066      | -0.0485      |  1           | -0.7552      |  0.2937      | -0.2247      | -0.08769     | -nan         |  0.6187      | -0.003768    |  0.05634     |  0.5474      |  0.5401      |
#    w_3[03000:10] = -0.889       +/-  1.23        | -0.3572      | -0.5296      | -0.08478     | -0.623       | -0.05024     | -0.7552      |  1           | -0.6379      | -0.9903      |  0.05401     | -nan         | -0.8436      |  0.005529    | -0.0659      | -0.512       | -0.5033      |
#    w_4[03000:11] = -0.7339      +/-  1.748       |  0.07756     |  0.1681      |  0.5371      |  0.2288      |  0.0279      |  0.2937      | -0.6379      |  1           |  2.262       | -0.2264      | -nan         |  0.6376      |  0.01284     |  0.06045     |  0.1218      |  0.1222      |
#    w_5[03000:12] = -3.536e-05   +/-  0.001957    | -0.7648      | -1.106       |  2.126       | -0.7295      |  1.11        | -0.2247      | -0.9903      |  2.262       |  1           | -1.564       | -nan         | -9.984       |  0.07254     |  0.09626     | -0.8875      | -0.869       |
#    w_6[03000:13] = -0.0004536   +/-  1.313       | -0.01176     |  0.08971     |  0.5697      |  0.05085     | -0.3071      | -0.08769     |  0.05401     | -0.2264      | -1.564       |  1           | -nan         |  0.3746      | -0.008108    | -0.005819    |  0.04266     |  0.0421      |
#    w_7[03000:14] = -0.1933      +/- -nan         | -nan         | -nan         | -nan         | -nan         | -nan         | -nan         | -nan         | -nan         | -nan         | -nan         | -1           | -nan         | -nan         | -nan         | -nan         | -nan         |
#    w_8[03000:15] = -0.0007737   +/-  1.436       |  0.3482      |  0.5167      |  0.4873      |  0.5929      | -0.169       |  0.6187      | -0.8436      |  0.6376      | -9.984       |  0.3746      | -nan         |  1           | -0.009133    |  0.05808     |  0.5059      |  0.4978      |
#  alpha[14000:00] =  0.1411      +/-  0.009333    | -0.0007025   | -0.05181     |  0.00706     | -0.0471      |  0.02756     | -0.003768    |  0.005529    |  0.01284     |  0.07254     | -0.008108    | -nan         | -0.009133    |  1           | -0.04991     |  0.001018    | -0.09978     |
#   beta[14000:01] =  3.095       +/-  0.114       |  0.0261      | -0.01038     |  0.01989     |  0.03072     | -0.01857     |  0.05634     | -0.0659      |  0.06045     |  0.09626     | -0.005819    | -nan         |  0.05808     | -0.04991     |  1           |  0.039       |  0.02906     |
#     M1[14000:02] = -19.08       +/-  0.07838     |  0.7725      |  0.4461      | -0.1427      |  0.6873      | -0.2147      |  0.5474      | -0.512       |  0.1218      | -0.8875      |  0.04266     | -nan         |  0.5059      |  0.001018    |  0.039       |  1           |  0.9149      |
#     M2[14000:03] = -19.15       +/-  0.07987     |  0.7589      |  0.4315      | -0.1379      |  0.6738      | -0.2146      |  0.5401      | -0.5033      |  0.1222      | -0.869       |  0.0421      | -nan         |  0.4978      | -0.09978     |  0.02906     |  0.9149      |  1           |
#                                                  -------------------------------------------------------------------------------------------------------------------------------------------------------------------------------------------------------------------------------------------------
