#----------------------------------------------------------------------------------
# Model[03000]:
#   - NcHICosmo : XCDM - Constant EOS
#----------------------------------------------------------------------------------
# Model parameters
#   -            H0[00]:  70                  [FIXED]
#   -        Omegac[01]:  0.25                [FIXED]
#   -        Omegak[02]:  0                   [FIXED]
#   -       Tgamma0[03]:  2.7245              [FIXED]
#   -            Yp[04]:  0.24                [FIXED]
#   -          ENnu[05]:  3.046               [FIXED]
#   -        Omegab[06]:  0.05                [FIXED]
#   -           w_0[07]: -1                   [FIXED]
#   -           w_1[08]: -1                   [FIXED]
#   -           w_2[09]: -1                   [FIXED]
#----------------------------------------------------------------------------------
# Model[14000]:
#   - NcSNIADistCov : Supernovae Ia Distance Covariance
#----------------------------------------------------------------------------------
# Model parameters
#   -         alpha[00]:  0.145               [FIXED]
#   -          beta[01]:  3.16                [FIXED]
#   -            M1[02]: -19                  [FIXED]
#   -            M2[03]: -19.2                [FIXED]
#   -  lnsigma_pecz[04]: -7.60021041          [FIXED]
#   -  lnsigma_lens[05]: -2.90042209374967    [FIXED]
#   - lnsigma_int_0[06]: -2.52572864430826    [FIXED]
#   - lnsigma_int_1[07]: -2.22562405185792    [FIXED]
#   - lnsigma_int_2[08]: -2.00991547903123    [FIXED]
#   - lnsigma_int_3[09]: -2.30258509299405    [FIXED]
#----------------------------------------------------------------------------------
# Model fitting. Interating using:
#  - solver:            NLOpt:ln-neldermead
#  - differentiation:   Numerical differentiantion (forward)
#............................................................................................................................
#  Minimum found with precision: |df|/f =  1.00000e-08 and |dx| =  1.00000e-05
#  Elapsed time: 00 days, 00:03:49.7108870
#  iteration            [001158]
#  function evaluations [001160]
#  gradient evaluations [000000]
#  degrees of freedom   [000759]
#  m2lnL     =     704.738779706821 (     682.65102    0.27068366   0.057310967    0.18934542     1.3112985     6.1842598     8.8427861     4.5385143    0.69356065 )
#  Fit parameters:
#     67.8316387063215     0.246286084345419   -0.00246430635218005 -1.02038164600865    -0.984477009035968   -0.99381786142543     0.14129814169639     3.10143831791967    -19.1173318189207    -19.1873094790281    
#----------------------------------------------------------------------------------
# Restarting:              yes
#  - absolute improvement: 49.7146159739248      
#  - relative improvement: 0.065894879999933     
#  - m2lnL_0  :            754.453395680746      
#  - m2lnL_1  :            704.738779706821      
#----------------------------------------------------------------------------------
# Model fitting. Interating using:
#  - solver:            NLOpt:ln-neldermead
#  - differentiation:   Numerical differentiantion (forward)
#................................................................................................................................................................................
#  Minimum found with precision: |df|/f =  1.00000e-08 and |dx| =  1.00000e-05
#  Elapsed time: 00 days, 00:05:18.8087880
#  iteration            [001675]
#  function evaluations [001677]
#  gradient evaluations [000000]
#  degrees of freedom   [000759]
#  m2lnL     =     702.827773751747 (     683.31132   0.051007866   0.070361509  0.0063436133     1.3744622     4.9682629      8.373026     4.1279071    0.54508504 )
#  Fit parameters:
#     68.4504958951217     0.251317465816481    0.00279798151699936 -1.04503435633335    -0.967068738609098   -0.00178009470540833  0.141185225052935    3.07625359054537    -19.0946583475945    -19.1616999225969    
#----------------------------------------------------------------------------------
# Restarting:              yes
#  - absolute improvement: 1.91100595507476      
#  - relative improvement: 0.00271165148009842   
#  - m2lnL_1  :            704.738779706821      
#  - m2lnL_2  :            702.827773751747      
#----------------------------------------------------------------------------------
# Model fitting. Interating using:
#  - solver:            NLOpt:ln-neldermead
#  - differentiation:   Numerical differentiantion (forward)
#.....................................................................................................
#  Minimum found with precision: |df|/f =  1.00000e-08 and |dx| =  1.00000e-05
#  Elapsed time: 00 days, 00:02:25.3490590
#  iteration            [000927]
#  function evaluations [000929]
#  gradient evaluations [000000]
#  degrees of freedom   [000759]
#  m2lnL     =     702.217486058837 (     683.15413   0.042289283    0.11968236  0.0016148386     1.3754333     3.8583826     8.2499054     4.2082829     1.2077614 )
#  Fit parameters:
#     69.0857361453659     0.247563791393897    0.00087651665323426 -1.04331195250094    -0.962587030438251   -1.84764072798877e-05  0.141215501807442    3.09853330676821    -19.0752175129055    -19.1452813886483    
#----------------------------------------------------------------------------------
# Restarting:              yes
#  - absolute improvement: 0.610287692909651     
#  - relative improvement: 0.000868331781557081  
#  - m2lnL_2  :            702.827773751747      
#  - m2lnL_3  :            702.217486058837      
#----------------------------------------------------------------------------------
# Model fitting. Interating using:
#  - solver:            NLOpt:ln-neldermead
#  - differentiation:   Numerical differentiantion (forward)
#.............................................
#  Minimum found with precision: |df|/f =  1.00000e-08 and |dx| =  1.00000e-05
#  Elapsed time: 00 days, 00:00:50.7864440
#  iteration            [000362]
#  function evaluations [000364]
#  gradient evaluations [000000]
#  degrees of freedom   [000759]
#  m2lnL     =     702.216813914436 (     683.16052   0.040671636    0.12385397  0.0019944907     1.3763244     3.8655307      8.251999     4.2087361     1.1871791 )
#  Fit parameters:
#     69.0813712805151     0.247782192879538    0.000944545703265619 -1.04325624934559    -0.962529228777543   -4.57350427273862e-06  0.141193766593302    3.09920259837477    -19.0752558469044    -19.1454700267936    
#----------------------------------------------------------------------------------
# Restarting:              no
#  - absolute improvement: 0.000672144401278274  
#  - relative improvement: 9.57174115743903e-07  
#  - m2lnL_3  :            702.217486058837      
#  - m2lnL_4  :            702.216813914436      
#----------------------------------------------------------------------------------
# Data used:
#   - JLA SNLS3+SDSS Betoule 2014 sys and stat (complete cov)
#   - 6dFGRS -- Beutler (2011), BAO Sample R-Dv
#   - SDSS-DR7-rec -- Padmanabhan (2012), BAO Sample R-Dv
#   - SDSS-DR9-rec -- Anderson (2012), BAO Sample R-Dv
#   - WiggleZ -- Blake (2012), BAO Sample R-Dv
#   - Riess 2008 HST Project sample
#   - Stern 2009 H(z) sample
#   - Moresco 2012 H(z) BC03 sample
#   - WMAP9 distance priors
#----------------------------------------------------------------------------------
# Model[03000]:
#   - NcHICosmo : XCDM - Constant EOS
#----------------------------------------------------------------------------------
# Model parameters
#   -            H0[00]:  69.0813712805151    [FREE]
#   -        Omegac[01]:  0.247782192879538   [FREE]
#   -        Omegak[02]:  0.000944545703265619 [FREE]
#   -       Tgamma0[03]:  2.7245              [FIXED]
#   -            Yp[04]:  0.24                [FIXED]
#   -          ENnu[05]:  3.046               [FIXED]
#   -        Omegab[06]:  0.05                [FIXED]
#   -           w_0[07]: -1.04325624934559    [FREE]
#   -           w_1[08]: -0.962529228777543   [FREE]
#   -           w_2[09]: -4.57350427273862e-06 [FREE]
#----------------------------------------------------------------------------------
# Model[14000]:
#   - NcSNIADistCov : Supernovae Ia Distance Covariance
#----------------------------------------------------------------------------------
# Model parameters
#   -         alpha[00]:  0.141193766593302   [FREE]
#   -          beta[01]:  3.09920259837477    [FREE]
#   -            M1[02]: -19.0752558469044    [FREE]
#   -            M2[03]: -19.1454700267936    [FREE]
#   -  lnsigma_pecz[04]: -7.60021041          [FIXED]
#   -  lnsigma_lens[05]: -2.90042209374967    [FIXED]
#   - lnsigma_int_0[06]: -2.52572864430826    [FIXED]
#   - lnsigma_int_1[07]: -2.22562405185792    [FIXED]
#   - lnsigma_int_2[08]: -2.00991547903123    [FIXED]
#   - lnsigma_int_3[09]: -2.30258509299405    [FIXED]
#----------------------------------------------------------------------------------
# NcmMSet parameters covariance matrix
#                                                  -------------------------------------------------------------------------------------------------------------------------------------------------------
#     H0[03000:00] =  69.08       +/-  1.479       |  1           | -0.3354      | -0.5506      | -0.7155      |  0.8432      | -nan         |  0.01049     |  0.01506     |  0.8607      |  0.8178      |
# Omegac[03000:01] =  0.2478      +/-  0.01583     | -0.3354      |  1           |  0.6263      | -0.1537      |  0.1685      | -nan         | -0.02525     | -0.03794     | -0.1584      | -0.158       |
# Omegak[03000:02] =  0.0009445   +/-  0.00498     | -0.5506      |  0.6263      |  1           |  0.5239      | -0.6619      | -nan         | -0.01857     | -0.02725     | -0.3961      | -0.3807      |
#    w_0[03000:07] = -1.043       +/-  0.006169    | -0.7155      | -0.1537      |  0.5239      |  1           | -1.105       | -nan         |  0.000655    |  0.001929    | -0.6639      | -0.6279      |
#    w_1[03000:08] = -0.9625      +/-  0.0004819   |  0.8432      |  0.1685      | -0.6619      | -1.105       |  1           | -nan         | -0.0003605   | -0.001598    |  0.78        |  0.7379      |
#    w_2[03000:09] = -4.574e-06   +/- -nan         | -nan         | -nan         | -nan         | -nan         | -nan         | -1           | -nan         | -nan         | -nan         | -nan         |
#  alpha[14000:00] =  0.1412      +/-  0.0093      |  0.01049     | -0.02525     | -0.01857     |  0.000655    | -0.0003605   | -nan         |  1           | -0.05714     |  0.07579     | -0.08202     |
#   beta[14000:01] =  3.099       +/-  0.1135      |  0.01506     | -0.03794     | -0.02725     |  0.001929    | -0.001598    | -nan         | -0.05714     |  1           |  0.06121     |  0.0417      |
#     M1[14000:02] = -19.08       +/-  0.05023     |  0.8607      | -0.1584      | -0.3961      | -0.6639      |  0.78        | -nan         |  0.07579     |  0.06121     |  1           |  0.8015      |
#     M2[14000:03] = -19.15       +/-  0.05308     |  0.8178      | -0.158       | -0.3807      | -0.6279      |  0.7379      | -nan         | -0.08202     |  0.0417      |  0.8015      |  1           |
#                                                  -------------------------------------------------------------------------------------------------------------------------------------------------------
