#----------------------------------------------------------------------------------
# Model[03000]:
#   - NcHICosmo : XCDM - Constant EOS
#----------------------------------------------------------------------------------
# Model parameters
#   -            H0[00]:  70                  [FIXED]
#   -        Omegac[01]:  0.25                [FIXED]
#   -        Omegak[02]:  0                   [FIXED]
#   -       Tgamma0[03]:  2.7245              [FIXED]
#   -            Yp[04]:  0.24                [FIXED]
#   -          ENnu[05]:  3.046               [FIXED]
#   -        Omegab[06]:  0.05                [FIXED]
#   -           w_0[07]: -1                   [FIXED]
#   -           w_1[08]: -1                   [FIXED]
#   -           w_2[09]: -1                   [FIXED]
#   -           w_3[10]: -1                   [FIXED]
#   -           w_4[11]: -1                   [FIXED]
#   -           w_5[12]: -1                   [FIXED]
#   -           w_6[13]: -1                   [FIXED]
#   -           w_7[14]: -1                   [FIXED]
#   -           w_8[15]: -1                   [FIXED]
#   -           w_9[16]: -1                   [FIXED]
#----------------------------------------------------------------------------------
# Model[14000]:
#   - NcSNIADistCov : Supernovae Ia Distance Covariance
#----------------------------------------------------------------------------------
# Model parameters
#   -         alpha[00]:  0.145               [FIXED]
#   -          beta[01]:  3.16                [FIXED]
#   -            M1[02]: -19                  [FIXED]
#   -            M2[03]: -19.2                [FIXED]
#   -  lnsigma_pecz[04]: -7.60021041          [FIXED]
#   -  lnsigma_lens[05]: -2.90042209374967    [FIXED]
#   - lnsigma_int_0[06]: -2.52572864430826    [FIXED]
#   - lnsigma_int_1[07]: -2.22562405185792    [FIXED]
#   - lnsigma_int_2[08]: -2.00991547903123    [FIXED]
#   - lnsigma_int_3[09]: -2.30258509299405    [FIXED]
#----------------------------------------------------------------------------------
# Model fitting. Interating using:
#  - solver:            NLOpt:ln-neldermead
#  - differentiation:   Numerical differentiantion (forward)
#.....................................................................................................................................................................................................................................................................................................................................................................................................................................................
#  Minimum found with precision: |df|/f =  1.00000e-08 and |dx| =  1.00000e-05
#  Elapsed time: 00 days, 00:17:33.5707280
#  iteration            [004286]
#  function evaluations [004288]
#  gradient evaluations [000000]
#  degrees of freedom   [000752]
#  m2lnL     =      703.38535342803 (     682.21322     0.3333351   0.096154097   0.073425269     1.5530655     6.1154807     8.5063475     3.9275167    0.56680805 )
#  Fit parameters:
#     67.8649205007011     0.243275222318086    0.00386344604278514 -1.31287479851406    -1.01121343204294    -1.24439308321143    -0.65665907508402    -0.636403267312383   -0.484773485116562   -1.09557243712795    -0.689453062737232   -0.323456719375859   -0.121604981230574    0.141038944904583    3.0941787503972     -19.1174635301207    -19.1879699627877    
#----------------------------------------------------------------------------------
# Restarting:              yes
#  - absolute improvement: 51.0680422527156      
#  - relative improvement: 0.0676887963459118    
#  - m2lnL_0  :            754.453395680746      
#  - m2lnL_1  :            703.38535342803       
#----------------------------------------------------------------------------------
# Model fitting. Interating using:
#  - solver:            NLOpt:ln-neldermead
#  - differentiation:   Numerical differentiantion (forward)
#............................................................................................................................................................................................................................................................................................................................................................................................................................................................................................................................................................................................................................................................................................................................................
#  Minimum found with precision: |df|/f =  1.00000e-08 and |dx| =  1.00000e-05
#  Elapsed time: 00 days, 00:26:15.7525340
#  iteration            [007076]
#  function evaluations [007078]
#  gradient evaluations [000000]
#  degrees of freedom   [000752]
#  m2lnL     =     700.848615907239 (     681.37798    0.14298506    0.12365544   0.067415567     1.5909925     5.5035143     7.5485855     3.3417781     1.1517062 )
#  Fit parameters:
#     68.1697031703297     0.237333542363717   -0.0063378674917454  -1.8893539142631     -0.836080783348278   -1.33237452011013    -0.851269429663395   -0.00042040668216326 -4.99867876025939    -0.000898829320868183 -4.98243034783529    -4.90656093312063    -3.39629013258666     0.141320045804267    3.09576284255695    -19.1293875200184    -19.2001102384751    
#----------------------------------------------------------------------------------
# Restarting:              yes
#  - absolute improvement: 2.53673752079158      
#  - relative improvement: 0.00360646906909348   
#  - m2lnL_1  :            703.38535342803       
#  - m2lnL_2  :            700.848615907239      
#----------------------------------------------------------------------------------
# Model fitting. Interating using:
#  - solver:            NLOpt:ln-neldermead
#  - differentiation:   Numerical differentiantion (forward)
#..................................................................
#  Minimum found with precision: |df|/f =  1.00000e-08 and |dx| =  1.00000e-05
#  Elapsed time: 00 days, 00:01:25.3345150
#  iteration            [000575]
#  function evaluations [000577]
#  gradient evaluations [000000]
#  degrees of freedom   [000752]
#  m2lnL     =      700.84776335662 (     681.37708    0.14181496    0.12447978   0.065984269     1.5895339      5.486057     7.5474051     3.3409407     1.1744681 )
#  Fit parameters:
#     68.1786399986577     0.237331380150153   -0.00632931238098185 -1.89156807632159    -0.834777197515544   -1.33068812402771    -0.853225570162184   -3.25871997622076e-05 -4.999997039543      -0.000437124006710565 -4.97709270412517    -4.88315523295924    -3.38976102076495     0.141336409319221    3.0951315685116     -19.1292946733361    -19.1998025209313    
#----------------------------------------------------------------------------------
# Restarting:              no
#  - absolute improvement: 0.000852550618446912  
#  - relative improvement: 1.21645473658145e-06  
#  - m2lnL_2  :            700.848615907239      
#  - m2lnL_3  :            700.84776335662       
#----------------------------------------------------------------------------------
# Data used:
#   - JLA SNLS3+SDSS Betoule 2014 sys and stat (complete cov)
#   - 6dFGRS -- Beutler (2011), BAO Sample R-Dv
#   - SDSS-DR7-rec -- Padmanabhan (2012), BAO Sample R-Dv
#   - SDSS-DR9-rec -- Anderson (2012), BAO Sample R-Dv
#   - WiggleZ -- Blake (2012), BAO Sample R-Dv
#   - Riess 2008 HST Project sample
#   - Stern 2009 H(z) sample
#   - Moresco 2012 H(z) BC03 sample
#   - WMAP9 distance priors
#----------------------------------------------------------------------------------
# Model[03000]:
#   - NcHICosmo : XCDM - Constant EOS
#----------------------------------------------------------------------------------
# Model parameters
#   -            H0[00]:  68.1786399986577    [FREE]
#   -        Omegac[01]:  0.237331380150153   [FREE]
#   -        Omegak[02]: -0.00632931238098185 [FREE]
#   -       Tgamma0[03]:  2.7245              [FIXED]
#   -            Yp[04]:  0.24                [FIXED]
#   -          ENnu[05]:  3.046               [FIXED]
#   -        Omegab[06]:  0.05                [FIXED]
#   -           w_0[07]: -1.89156807632159    [FREE]
#   -           w_1[08]: -0.834777197515544   [FREE]
#   -           w_2[09]: -1.33068812402771    [FREE]
#   -           w_3[10]: -0.853225570162184   [FREE]
#   -           w_4[11]: -3.25871997622076e-05 [FREE]
#   -           w_5[12]: -4.999997039543      [FREE]
#   -           w_6[13]: -0.000437124006710565 [FREE]
#   -           w_7[14]: -4.97709270412517    [FREE]
#   -           w_8[15]: -4.88315523295924    [FREE]
#   -           w_9[16]: -3.38976102076495    [FREE]
#----------------------------------------------------------------------------------
# Model[14000]:
#   - NcSNIADistCov : Supernovae Ia Distance Covariance
#----------------------------------------------------------------------------------
# Model parameters
#   -         alpha[00]:  0.141336409319221   [FREE]
#   -          beta[01]:  3.0951315685116     [FREE]
#   -            M1[02]: -19.1292946733361    [FREE]
#   -            M2[03]: -19.1998025209313    [FREE]
#   -  lnsigma_pecz[04]: -7.60021041          [FIXED]
#   -  lnsigma_lens[05]: -2.90042209374967    [FIXED]
#   - lnsigma_int_0[06]: -2.52572864430826    [FIXED]
#   - lnsigma_int_1[07]: -2.22562405185792    [FIXED]
#   - lnsigma_int_2[08]: -2.00991547903123    [FIXED]
#   - lnsigma_int_3[09]: -2.30258509299405    [FIXED]
#----------------------------------------------------------------------------------
# NcmMSet parameters covariance matrix
#                                                  ----------------------------------------------------------------------------------------------------------------------------------------------------------------------------------------------------------------------------------------------------------------
#     H0[03000:00] =  68.18       +/-  1.058       |  1           | -0.6774      | -0.3234      | -0.3284      |  0.1389      | -0.1563      |  0.09945     |  0.08597     | -nan         | -nan         | -nan         | -nan         | -nan         |  0.03795     |  0.02986     |  0.3627      |  0.3473      |
# Omegac[03000:01] =  0.2373      +/-  0.01748     | -0.6774      |  1           |  0.5181      |  0.4246      | -0.1603      |  0.235       | -0.257       | -0.06761     | -nan         | -nan         | -nan         | -nan         | -nan         | -0.04169     | -0.02612     | -0.01567     | -0.02464     |
# Omegak[03000:02] = -0.006329    +/-  0.006579    | -0.3234      |  0.5181      |  1           |  0.1603      | -0.2669      |  0.01202     |  0.3744      | -0.6286      | -nan         | -nan         | -nan         | -nan         | -nan         | -0.04002     | -0.05484     |  0.08931     |  0.07351     |
#    w_0[03000:07] = -1.892       +/-  0.9342      | -0.3284      |  0.4246      |  0.1603      |  1           | -0.5648      |  0.5655      | -0.4207      | -0.06774     | -nan         | -nan         | -nan         | -nan         | -nan         | -0.029       |  0.03726     |  0.4337      |  0.4076      |
#    w_1[03000:08] = -0.8348      +/-  0.2217      |  0.1389      | -0.1603      | -0.2669      | -0.5648      |  1           |  0.2108      | -0.347       |  0.3647      | -nan         | -nan         | -nan         | -nan         | -nan         |  0.02701     | -0.005904    | -0.2727      | -0.2595      |
#    w_2[03000:09] = -1.331       +/-  0.4635      | -0.1563      |  0.235       |  0.01202     |  0.5655      |  0.2108      |  1           | -0.63        |  0.1775      | -nan         | -nan         | -nan         | -nan         | -nan         |  0.02369     |  0.06953     |  0.08601     |  0.0911      |
#    w_3[03000:10] = -0.8532      +/-  0.6318      |  0.09945     | -0.257       |  0.3744      | -0.4207      | -0.347       | -0.63        |  1           | -0.4404      | -nan         | -nan         | -nan         | -nan         | -nan         | -0.01082     | -0.05745     | -0.136       | -0.1294      |
#    w_4[03000:11] = -3.259e-05   +/-  0.02674     |  0.08597     | -0.06761     | -0.6286      | -0.06774     |  0.3647      |  0.1775      | -0.4404      |  1           | -nan         | -nan         | -nan         | -nan         | -nan         |  0.01892     |  0.0269      | -0.05513     | -0.04944     |
#    w_5[03000:12] = -5           +/- -nan         | -nan         | -nan         | -nan         | -nan         | -nan         | -nan         | -nan         | -nan         | -1           | -0.7177      |  0.6964      | -0.2446      | -0.3921      | -nan         | -nan         | -nan         | -nan         |
#    w_6[03000:13] = -0.0004371   +/- -nan         | -nan         | -nan         | -nan         | -nan         | -nan         | -nan         | -nan         | -nan         | -0.7177      | -1           | -2.905       | -3.611       | -3.748       | -nan         | -nan         | -nan         | -nan         |
#    w_7[03000:14] = -4.977       +/- -nan         | -nan         | -nan         | -nan         | -nan         | -nan         | -nan         | -nan         | -nan         |  0.6964      | -2.905       | -1           | -0.7287      | -1.734       | -nan         | -nan         | -nan         | -nan         |
#    w_8[03000:15] = -4.883       +/- -nan         | -nan         | -nan         | -nan         | -nan         | -nan         | -nan         | -nan         | -nan         | -0.2446      | -3.611       | -0.7287      | -1           | -2.077       | -nan         | -nan         | -nan         | -nan         |
#    w_9[03000:16] = -3.39        +/- -nan         | -nan         | -nan         | -nan         | -nan         | -nan         | -nan         | -nan         | -nan         | -0.3921      | -3.748       | -1.734       | -2.077       | -1           | -nan         | -nan         | -nan         | -nan         |
#  alpha[14000:00] =  0.1413      +/-  0.009329    |  0.03795     | -0.04169     | -0.04002     | -0.029       |  0.02701     |  0.02369     | -0.01082     |  0.01892     | -nan         | -nan         | -nan         | -nan         | -nan         |  1           | -0.04978     |  0.05496     | -0.1261      |
#   beta[14000:01] =  3.095       +/-  0.1139      |  0.02986     | -0.02612     | -0.05484     |  0.03726     | -0.005904    |  0.06953     | -0.05745     |  0.0269      | -nan         | -nan         | -nan         | -nan         | -nan         | -0.04978     |  1           |  0.06141     |  0.04106     |
#     M1[14000:02] = -19.13       +/-  0.04238     |  0.3627      | -0.01567     |  0.08931     |  0.4337      | -0.2727      |  0.08601     | -0.136       | -0.05513     | -nan         | -nan         | -nan         | -nan         | -nan         |  0.05496     |  0.06141     |  1           |  0.7257      |
#     M2[14000:03] = -19.2        +/-  0.0455      |  0.3473      | -0.02464     |  0.07351     |  0.4076      | -0.2595      |  0.0911      | -0.1294      | -0.04944     | -nan         | -nan         | -nan         | -nan         | -nan         | -0.1261      |  0.04106     |  0.7257      |  1           |
#                                                  ----------------------------------------------------------------------------------------------------------------------------------------------------------------------------------------------------------------------------------------------------------------
