#----------------------------------------------------------------------------------
# Model[03000]:
#   - NcHICosmo : XCDM - Constant EOS
#----------------------------------------------------------------------------------
# Model parameters
#   -            H0[00]:  70                  [FIXED]
#   -        Omegac[01]:  0.25                [FIXED]
#   -        Omegak[02]:  0                   [FIXED]
#   -       Tgamma0[03]:  2.7245              [FIXED]
#   -            Yp[04]:  0.24                [FIXED]
#   -          ENnu[05]:  3.046               [FIXED]
#   -        Omegab[06]:  0.05                [FIXED]
#   -           w_0[07]: -1                   [FIXED]
#   -           w_1[08]: -1                   [FIXED]
#   -           w_2[09]: -1                   [FIXED]
#   -           w_3[10]: -1                   [FIXED]
#   -           w_4[11]: -1                   [FIXED]
#   -           w_5[12]: -1                   [FIXED]
#   -           w_6[13]: -1                   [FIXED]
#----------------------------------------------------------------------------------
# Model[14000]:
#   - NcSNIADistCov : Supernovae Ia Distance Covariance
#----------------------------------------------------------------------------------
# Model parameters
#   -         alpha[00]:  0.145               [FIXED]
#   -          beta[01]:  3.16                [FIXED]
#   -            M1[02]: -19                  [FIXED]
#   -            M2[03]: -19.2                [FIXED]
#   -  lnsigma_pecz[04]: -7.60021041          [FIXED]
#   -  lnsigma_lens[05]: -2.90042209374967    [FIXED]
#   - lnsigma_int_0[06]: -2.52572864430826    [FIXED]
#   - lnsigma_int_1[07]: -2.22562405185792    [FIXED]
#   - lnsigma_int_2[08]: -2.00991547903123    [FIXED]
#   - lnsigma_int_3[09]: -2.30258509299405    [FIXED]
#----------------------------------------------------------------------------------
# Model fitting. Interating using:
#  - solver:            NLOpt:ln-neldermead
#  - differentiation:   Numerical differentiantion (forward)
#..............................................................................................................................................................................................................................
#  Minimum found with precision: |df|/f =  1.00000e-08 and |dx| =  1.00000e-05
#  Elapsed time: 00 days, 00:07:04.7867190
#  iteration            [002131]
#  function evaluations [002133]
#  gradient evaluations [000000]
#  degrees of freedom   [000755]
#  m2lnL     =     700.970358011073 (      681.5049   0.015069313  0.0057616241    0.13936847     1.2972095     3.8456932     8.2570242     4.4328246     1.4725048 )
#  Fit parameters:
#     69.0934946539044     0.245125217617874   -0.00455501120457267 -1.31426918288191    -0.826525967927386   -1.15614999512023    -0.537463236409052   -1.31297857914694    -0.720950860254832   -1.39359869915169     0.141161363555842    3.09661799618055    -19.0779569843597    -19.1486091768561    
#----------------------------------------------------------------------------------
# Restarting:              yes
#  - absolute improvement: 53.4830376696732      
#  - relative improvement: 0.0708897832203608    
#  - m2lnL_0  :            754.453395680746      
#  - m2lnL_1  :            700.970358011073      
#----------------------------------------------------------------------------------
# Model fitting. Interating using:
#  - solver:            NLOpt:ln-neldermead
#  - differentiation:   Numerical differentiantion (forward)
#.............................................................................................................................................................................................................................................................................
#  Minimum found with precision: |df|/f =  1.00000e-08 and |dx| =  1.00000e-05
#  Elapsed time: 00 days, 00:10:28.6516390
#  iteration            [002600]
#  function evaluations [002602]
#  gradient evaluations [000000]
#  degrees of freedom   [000755]
#  m2lnL     =     700.903634441459 (     681.71128   0.016584015   0.016710047    0.10678353     1.2874083     3.7362791     8.1400243     4.5044138     1.3841508 )
#  Fit parameters:
#     69.1609303208603     0.24693338218421    -0.00742932447085952 -1.21881533684559    -0.849316389344354   -1.10344929512851    -0.71698743666987    -1.24328339680519    -0.535547844448679   -0.952335698336661    0.141081648403979    3.09588183759673    -19.0719294369521    -19.1426227202741    
#----------------------------------------------------------------------------------
# Restarting:              yes
#  - absolute improvement: 0.0667235696141688    
#  - relative improvement: 9.51874338930532e-05  
#  - m2lnL_1  :            700.970358011073      
#  - m2lnL_2  :            700.903634441459      
#----------------------------------------------------------------------------------
# Model fitting. Interating using:
#  - solver:            NLOpt:ln-neldermead
#  - differentiation:   Numerical differentiantion (forward)
#.................................................................................................................................................................................................................................................................................................................................................................................................................................................................................................
#  Minimum found with precision: |df|/f =  1.00000e-08 and |dx| =  1.00000e-05
#  Elapsed time: 00 days, 00:19:24.3082580
#  iteration            [004725]
#  function evaluations [004727]
#  gradient evaluations [000000]
#  degrees of freedom   [000755]
#  m2lnL     =     700.740914872663 (     681.53835   0.019168582  0.0071180786    0.14792926     1.2996782      3.643158     8.2082188     4.4752739      1.402016 )
#  Fit parameters:
#     69.2191059798191     0.247499977606831   -0.00657241253918159 -1.26818333325265    -0.842426571659326   -1.15662992128548    -0.572824536306248   -1.00872760625688    -0.811977500065003   -8.33271052410936e-05  0.141091648653758    3.09613133622211    -19.0719227871682    -19.1426556399573    
#----------------------------------------------------------------------------------
# Restarting:              yes
#  - absolute improvement: 0.162719568795296     
#  - relative improvement: 0.000232156834120236  
#  - m2lnL_2  :            700.903634441459      
#  - m2lnL_3  :            700.740914872663      
#----------------------------------------------------------------------------------
# Model fitting. Interating using:
#  - solver:            NLOpt:ln-neldermead
#  - differentiation:   Numerical differentiantion (forward)
#............................................................................................
#  Minimum found with precision: |df|/f =  1.00000e-08 and |dx| =  1.00000e-05
#  Elapsed time: 00 days, 00:03:23.9064570
#  iteration            [000837]
#  function evaluations [000839]
#  gradient evaluations [000000]
#  degrees of freedom   [000755]
#  m2lnL     =     700.739414906261 (     681.55685   0.018209672  0.0073120053    0.13547408     1.2975162     3.6614585     8.2136677     4.4571825     1.3917457 )
#  Fit parameters:
#     69.2076148972543     0.247448489433064   -0.00640823352791114 -1.27506597024606    -0.840639123855825   -1.1509303938078     -0.571277922956624   -1.0082376257108     -0.810292205718558   -0.00215635720436501  0.141095293788454    3.0962953667817     -19.0726433431573    -19.1433245108327    
#----------------------------------------------------------------------------------
# Restarting:              yes
#  - absolute improvement: 0.00149996640243444   
#  - relative improvement: 2.14054348846893e-06  
#  - m2lnL_3  :            700.740914872663      
#  - m2lnL_4  :            700.739414906261      
#----------------------------------------------------------------------------------
# Model fitting. Interating using:
#  - solver:            NLOpt:ln-neldermead
#  - differentiation:   Numerical differentiantion (forward)
#.................................................................................................................................................
#  Minimum found with precision: |df|/f =  1.00000e-08 and |dx| =  1.00000e-05
#  Elapsed time: 00 days, 00:03:04.0938940
#  iteration            [001363]
#  function evaluations [001365]
#  gradient evaluations [000000]
#  degrees of freedom   [000755]
#  m2lnL     =     700.737270705435 (     681.58915   0.018154353  0.0094878334      0.127151     1.2978565     3.6540216     8.2057233     4.4420534     1.3936702 )
#  Fit parameters:
#     69.2122811059575     0.247457544146272   -0.00651125743047173 -1.26735227279692    -0.84375318653874    -1.13972046579005    -0.580500842924171   -1.02052325726038    -0.80188446254294    -3.62222553525804e-05  0.141100020541647    3.0963884055184     -19.0724117350447    -19.1431127716637    
#----------------------------------------------------------------------------------
# Restarting:              yes
#  - absolute improvement: 0.00214420082613742   
#  - relative improvement: 3.05991183102531e-06  
#  - m2lnL_4  :            700.739414906261      
#  - m2lnL_5  :            700.737270705435      
#----------------------------------------------------------------------------------
# Model fitting. Interating using:
#  - solver:            NLOpt:ln-neldermead
#  - differentiation:   Numerical differentiantion (forward)
#.........................................................................................................................
#  Minimum found with precision: |df|/f =  1.00000e-08 and |dx| =  1.00000e-05
#  Elapsed time: 00 days, 00:03:38.9333340
#  iteration            [001122]
#  function evaluations [001124]
#  gradient evaluations [000000]
#  degrees of freedom   [000755]
#  m2lnL     =     700.735223515031 (     681.57399    0.01826867  0.0087066045    0.13636454      1.297448     3.6544605     8.1976456     4.4679722     1.3803628 )
#  Fit parameters:
#     69.2120056397324     0.247634214520819   -0.00680972484156102 -1.26397616821373    -0.843235937455023   -1.14630943415927    -0.591722012245348   -1.02275072884539    -0.795487214425308   -0.000347108114733675  0.141086961100557    3.09614279098118    -19.0720150769854    -19.1427173897112    
#----------------------------------------------------------------------------------
# Restarting:              yes
#  - absolute improvement: 0.00204719040357304   
#  - relative improvement: 2.92148068777921e-06  
#  - m2lnL_5  :            700.737270705435      
#  - m2lnL_6  :            700.735223515031      
#----------------------------------------------------------------------------------
# Model fitting. Interating using:
#  - solver:            NLOpt:ln-neldermead
#  - differentiation:   Numerical differentiantion (forward)
#...................................................
#  Minimum found with precision: |df|/f =  1.00000e-08 and |dx| =  1.00000e-05
#  Elapsed time: 00 days, 00:01:23.5051840
#  iteration            [000421]
#  function evaluations [000423]
#  gradient evaluations [000000]
#  degrees of freedom   [000755]
#  m2lnL     =     700.735171100161 (     681.57089   0.018300388  0.0085080038    0.13592734     1.2971027     3.6531232     8.1979903     4.4688563     1.3844741 )
#  Fit parameters:
#     69.2128451540776     0.247603970770089   -0.00682429647444376 -1.26507931760013    -0.842895869615661   -1.14658977441369    -0.592000746021547   -1.02280175406043    -0.795714472226296    0                    0.141088143749119    3.0962523217029     -19.072059231312     -19.1427786536594    
#----------------------------------------------------------------------------------
# Restarting:              no
#  - absolute improvement: 5.24148700833393e-05  
#  - relative improvement: 7.47998221359783e-08  
#  - m2lnL_6  :            700.735223515031      
#  - m2lnL_7  :            700.735171100161      
#----------------------------------------------------------------------------------
# Data used:
#   - JLA SNLS3+SDSS Betoule 2014 sys and stat (complete cov)
#   - 6dFGRS -- Beutler (2011), BAO Sample R-Dv
#   - SDSS-DR7-rec -- Padmanabhan (2012), BAO Sample R-Dv
#   - SDSS-DR9-rec -- Anderson (2012), BAO Sample R-Dv
#   - WiggleZ -- Blake (2012), BAO Sample R-Dv
#   - Riess 2008 HST Project sample
#   - Stern 2009 H(z) sample
#   - Moresco 2012 H(z) BC03 sample
#   - WMAP9 distance priors
#----------------------------------------------------------------------------------
# Model[03000]:
#   - NcHICosmo : XCDM - Constant EOS
#----------------------------------------------------------------------------------
# Model parameters
#   -            H0[00]:  69.2128451540776    [FREE]
#   -        Omegac[01]:  0.247603970770089   [FREE]
#   -        Omegak[02]: -0.00682429647444376 [FREE]
#   -       Tgamma0[03]:  2.7245              [FIXED]
#   -            Yp[04]:  0.24                [FIXED]
#   -          ENnu[05]:  3.046               [FIXED]
#   -        Omegab[06]:  0.05                [FIXED]
#   -           w_0[07]: -1.26507931760013    [FREE]
#   -           w_1[08]: -0.842895869615661   [FREE]
#   -           w_2[09]: -1.14658977441369    [FREE]
#   -           w_3[10]: -0.592000746021547   [FREE]
#   -           w_4[11]: -1.02280175406043    [FREE]
#   -           w_5[12]: -0.795714472226296   [FREE]
#   -           w_6[13]:  0                   [FREE]
#----------------------------------------------------------------------------------
# Model[14000]:
#   - NcSNIADistCov : Supernovae Ia Distance Covariance
#----------------------------------------------------------------------------------
# Model parameters
#   -         alpha[00]:  0.141088143749119   [FREE]
#   -          beta[01]:  3.0962523217029     [FREE]
#   -            M1[02]: -19.072059231312     [FREE]
#   -            M2[03]: -19.1427786536594    [FREE]
#   -  lnsigma_pecz[04]: -7.60021041          [FIXED]
#   -  lnsigma_lens[05]: -2.90042209374967    [FIXED]
#   - lnsigma_int_0[06]: -2.52572864430826    [FIXED]
#   - lnsigma_int_1[07]: -2.22562405185792    [FIXED]
#   - lnsigma_int_2[08]: -2.00991547903123    [FIXED]
#   - lnsigma_int_3[09]: -2.30258509299405    [FIXED]
#----------------------------------------------------------------------------------
# NcmMSet parameters covariance matrix
#                                                  -------------------------------------------------------------------------------------------------------------------------------------------------------------------------------------------------------------------
#     H0[03000:00] =  69.21       +/- -nan         | -1           | -1.196       |  0.8813      | -nan         | -nan         | -nan         | -nan         | -0.1106      |  0.9308      | -1.108       | -nan         | -nan         | -1.108       | -1.123       |
# Omegac[03000:01] =  0.2476      +/- -nan         | -1.196       | -1           |  0.8651      | -nan         | -nan         | -nan         | -nan         | -0.1225      |  0.8724      | -1.05        | -nan         | -nan         | -1.25        | -1.27        |
# Omegak[03000:02] = -0.006824    +/- -nan         |  0.8813      |  0.8651      | -1           | -nan         | -nan         | -nan         | -nan         | -0.5119      | -1.061       |  0.8457      | -nan         | -nan         |  0.9571      |  0.9703      |
#    w_0[03000:07] = -1.265       +/-  0.6759      | -nan         | -nan         | -nan         |  1           | -0.9137      |  0.4572      | -0.8583      | -nan         | -nan         | -nan         | -0.06237     | -0.03516     | -nan         | -nan         |
#    w_1[03000:08] = -0.8429      +/-  0.2206      | -nan         | -nan         | -nan         | -0.9137      |  1           | -0.6183      | -0.04982     | -nan         | -nan         | -nan         |  0.03009     | -0.003364    | -nan         | -nan         |
#    w_2[03000:09] = -1.147       +/-  0.3152      | -nan         | -nan         | -nan         |  0.4572      | -0.6183      |  1           | -2.065       | -nan         | -nan         | -nan         | -0.002193    | -0.004153    | -nan         | -nan         |
#    w_3[03000:10] = -0.592       +/-  0.6026      | -nan         | -nan         | -nan         | -0.8583      | -0.04982     | -2.065       |  1           | -nan         | -nan         | -nan         |  0.03939     |  0.03189     | -nan         | -nan         |
#    w_4[03000:11] = -1.023       +/- -nan         | -0.1106      | -0.1225      | -0.5119      | -nan         | -nan         | -nan         | -nan         | -1           | -0.4774      | -0.09935     | -nan         | -nan         | -0.121       | -0.1234      |
#    w_5[03000:12] = -0.7957      +/- -nan         |  0.9308      |  0.8724      | -1.061       | -nan         | -nan         | -nan         | -nan         | -0.4774      | -1           |  0.8315      | -nan         | -nan         |  1.046       |  1.06        |
#    w_6[03000:13] =  0           +/- -nan         | -1.108       | -1.05        |  0.8457      | -nan         | -nan         | -nan         | -nan         | -0.09935     |  0.8315      | -1           | -nan         | -nan         | -1.228       | -1.246       |
#  alpha[14000:00] =  0.1411      +/-  0.009333    | -nan         | -nan         | -nan         | -0.06237     |  0.03009     | -0.002193    |  0.03939     | -nan         | -nan         | -nan         |  1           | -0.04973     | -nan         | -nan         |
#   beta[14000:01] =  3.096       +/-  0.1137      | -nan         | -nan         | -nan         | -0.03516     | -0.003364    | -0.004153    |  0.03189     | -nan         | -nan         | -nan         | -0.04973     |  1           | -nan         | -nan         |
#     M1[14000:02] = -19.07       +/- -nan         | -1.108       | -1.25        |  0.9571      | -nan         | -nan         | -nan         | -nan         | -0.121       |  1.046       | -1.228       | -nan         | -nan         | -1           | -1.067       |
#     M2[14000:03] = -19.14       +/- -nan         | -1.123       | -1.27        |  0.9703      | -nan         | -nan         | -nan         | -nan         | -0.1234      |  1.06        | -1.246       | -nan         | -nan         | -1.067       | -1           |
#                                                  -------------------------------------------------------------------------------------------------------------------------------------------------------------------------------------------------------------------
