#----------------------------------------------------------------------------------
# Model[03000]:
#   - NcHICosmo : XCDM - Constant EOS
#----------------------------------------------------------------------------------
# Model parameters
#   -            H0[00]:  70                  [FIXED]
#   -        Omegac[01]:  0.25                [FIXED]
#   -        Omegak[02]:  0                   [FIXED]
#   -       Tgamma0[03]:  2.7245              [FIXED]
#   -            Yp[04]:  0.24                [FIXED]
#   -          ENnu[05]:  3.046               [FIXED]
#   -        Omegab[06]:  0.05                [FIXED]
#   -           w_0[07]: -1                   [FIXED]
#   -           w_1[08]: -1                   [FIXED]
#   -           w_2[09]: -1                   [FIXED]
#   -           w_3[10]: -1                   [FIXED]
#   -           w_4[11]: -1                   [FIXED]
#   -           w_5[12]: -1                   [FIXED]
#   -           w_6[13]: -1                   [FIXED]
#   -           w_7[14]: -1                   [FIXED]
#   -           w_8[15]: -1                   [FIXED]
#   -           w_9[16]: -1                   [FIXED]
#   -          w_10[17]: -1                   [FIXED]
#   -          w_11[18]: -1                   [FIXED]
#----------------------------------------------------------------------------------
# Model[14000]:
#   - NcSNIADistCov : Supernovae Ia Distance Covariance
#----------------------------------------------------------------------------------
# Model parameters
#   -         alpha[00]:  0.145               [FIXED]
#   -          beta[01]:  3.16                [FIXED]
#   -            M1[02]: -19                  [FIXED]
#   -            M2[03]: -19.2                [FIXED]
#   -  lnsigma_pecz[04]: -7.60021041          [FIXED]
#   -  lnsigma_lens[05]: -2.90042209374967    [FIXED]
#   - lnsigma_int_0[06]: -2.52572864430826    [FIXED]
#   - lnsigma_int_1[07]: -2.22562405185792    [FIXED]
#   - lnsigma_int_2[08]: -2.00991547903123    [FIXED]
#   - lnsigma_int_3[09]: -2.30258509299405    [FIXED]
#----------------------------------------------------------------------------------
# Model fitting. Interating using:
#  - solver:            NLOpt:ln-neldermead
#  - differentiation:   Numerical differentiantion (forward)
#..........................................................................................................................................................................................................................................................................................................................................................................................................
#  Minimum found with precision: |df|/f =  1.00000e-08 and |dx| =  1.00000e-05
#  Elapsed time: 00 days, 00:07:00.0348850
#  iteration            [003851]
#  function evaluations [003853]
#  gradient evaluations [000000]
#  degrees of freedom   [000750]
#  m2lnL     =     702.496416015815 (     681.68398    0.14643539    0.26661292   0.068432363     1.5860723     5.6201257     8.2651308      3.812568     1.0470621 )
#  Fit parameters:
#     68.1103669652993     0.239815405721272   -0.00316588408051286 -1.63886288161885    -0.781174867614477   -1.10256695835727    -1.43569763360804    -0.304859717838136   -0.823481559182495   -1.07205391222811    -0.809217500044822   -2.22568464504024    -0.0516771010306598  -0.0282541086798973  -0.781920922216582    0.141377216948117    3.09746070593064    -19.1252542782128    -19.1957311273987    
#----------------------------------------------------------------------------------
# Restarting:              yes
#  - absolute improvement: 51.9569796649311      
#  - relative improvement: 0.0688670499230109    
#  - m2lnL_0  :            754.453395680746      
#  - m2lnL_1  :            702.496416015815      
#----------------------------------------------------------------------------------
# Model fitting. Interating using:
#  - solver:            NLOpt:ln-neldermead
#  - differentiation:   Numerical differentiantion (forward)
#...........................................................................................................................................................................................................................................................................................................................................................................................................................................................................................................................................................................................................................................................................................................................................................................................................................................................................................................................................................................................................................................................................................................................................................................................
#  Minimum found with precision: |df|/f =  1.00000e-08 and |dx| =  1.00000e-05
#  Elapsed time: 00 days, 00:21:28.9095430
#  iteration            [011380]
#  function evaluations [011382]
#  gradient evaluations [000000]
#  degrees of freedom   [000750]
#  m2lnL     =     700.167139762552 (     679.62893    0.09926769   0.001421269  0.00017077747     1.2885336      5.337639     8.0915131     4.3475792     1.3720871 )
#  Fit parameters:
#     68.2552005630918     0.235961640065753   -0.00820617543397564 -2.3665961649567     -0.975331429888175   -1.44614323043662    -0.773722141761126   -0.957780866604119   -0.00013840440708578 -4.99899254886281    -0.000709697177655991 -4.98562496057501    -4.6243497458661     -0.0615499457339673  -2.11809798084639     0.141292132544129    3.09151960131204    -19.1368414243693    -19.2073350335277    
#----------------------------------------------------------------------------------
# Restarting:              yes
#  - absolute improvement: 2.32927625326352      
#  - relative improvement: 0.00331571265014266   
#  - m2lnL_1  :            702.496416015815      
#  - m2lnL_2  :            700.167139762552      
#----------------------------------------------------------------------------------
# Model fitting. Interating using:
#  - solver:            NLOpt:ln-neldermead
#  - differentiation:   Numerical differentiantion (forward)
#............................................................
#  Minimum found with precision: |df|/f =  1.00000e-08 and |dx| =  1.00000e-05
#  Elapsed time: 00 days, 00:00:56.9535400
#  iteration            [000517]
#  function evaluations [000519]
#  gradient evaluations [000000]
#  degrees of freedom   [000750]
#  m2lnL     =     700.166371062351 (     679.63803   0.099575189  0.0012485156  1.2883955e-05     1.2885317     5.3379203     8.0892447     4.3400454      1.371763 )
#  Fit parameters:
#     68.2550544839669     0.235936456123662   -0.00817381104323571 -2.36502477755112    -0.975021407001469   -1.44417187915243    -0.771366814746125   -0.956284375881127   -0.00112498030088256 -4.99972646031927    -0.000126486341839553 -4.9994922858448     -4.55965139457363    -0.0387019170392371  -2.10082806025948     0.141284164213347    3.09102861646316    -19.1366808150007    -19.207098010855     
#----------------------------------------------------------------------------------
# Restarting:              no
#  - absolute improvement: 0.000768700200978856  
#  - relative improvement: 1.09788100201267e-06  
#  - m2lnL_2  :            700.167139762552      
#  - m2lnL_3  :            700.166371062351      
#----------------------------------------------------------------------------------
# Data used:
#   - JLA SNLS3+SDSS Betoule 2014 sys and stat (complete cov)
#   - 6dFGRS -- Beutler (2011), BAO Sample R-Dv
#   - SDSS-DR7-rec -- Padmanabhan (2012), BAO Sample R-Dv
#   - SDSS-DR9-rec -- Anderson (2012), BAO Sample R-Dv
#   - WiggleZ -- Blake (2012), BAO Sample R-Dv
#   - Riess 2008 HST Project sample
#   - Stern 2009 H(z) sample
#   - Moresco 2012 H(z) BC03 sample
#   - WMAP9 distance priors
#----------------------------------------------------------------------------------
# Model[03000]:
#   - NcHICosmo : XCDM - Constant EOS
#----------------------------------------------------------------------------------
# Model parameters
#   -            H0[00]:  68.2550544839669    [FREE]
#   -        Omegac[01]:  0.235936456123662   [FREE]
#   -        Omegak[02]: -0.00817381104323571 [FREE]
#   -       Tgamma0[03]:  2.7245              [FIXED]
#   -            Yp[04]:  0.24                [FIXED]
#   -          ENnu[05]:  3.046               [FIXED]
#   -        Omegab[06]:  0.05                [FIXED]
#   -           w_0[07]: -2.36502477755112    [FREE]
#   -           w_1[08]: -0.975021407001469   [FREE]
#   -           w_2[09]: -1.44417187915243    [FREE]
#   -           w_3[10]: -0.771366814746125   [FREE]
#   -           w_4[11]: -0.956284375881127   [FREE]
#   -           w_5[12]: -0.00112498030088256 [FREE]
#   -           w_6[13]: -4.99972646031927    [FREE]
#   -           w_7[14]: -0.000126486341839553 [FREE]
#   -           w_8[15]: -4.9994922858448     [FREE]
#   -           w_9[16]: -4.55965139457363    [FREE]
#   -          w_10[17]: -0.0387019170392371  [FREE]
#   -          w_11[18]: -2.10082806025948    [FREE]
#----------------------------------------------------------------------------------
# Model[14000]:
#   - NcSNIADistCov : Supernovae Ia Distance Covariance
#----------------------------------------------------------------------------------
# Model parameters
#   -         alpha[00]:  0.141284164213347   [FREE]
#   -          beta[01]:  3.09102861646316    [FREE]
#   -            M1[02]: -19.1366808150007    [FREE]
#   -            M2[03]: -19.207098010855     [FREE]
#   -  lnsigma_pecz[04]: -7.60021041          [FIXED]
#   -  lnsigma_lens[05]: -2.90042209374967    [FIXED]
#   - lnsigma_int_0[06]: -2.52572864430826    [FIXED]
#   - lnsigma_int_1[07]: -2.22562405185792    [FIXED]
#   - lnsigma_int_2[08]: -2.00991547903123    [FIXED]
#   - lnsigma_int_3[09]: -2.30258509299405    [FIXED]
#----------------------------------------------------------------------------------
# NcmMSet parameters covariance matrix
#                                                  ----------------------------------------------------------------------------------------------------------------------------------------------------------------------------------------------------------------------------------------------------------------------------------------------
#     H0[03000:00] =  68.26       +/-  1.067       |  1           | -0.6797      | -0.3262      | -0.3068      |  0.0587      | -0.1505      |  0.01562     |  0.07721     | -nan         | -nan         |  0.0726      | -nan         | -nan         | -nan         | -0.01084     |  0.03647     |  0.02302     |  0.335       |  0.3226      |
# Omegac[03000:01] =  0.2359      +/-  0.01763     | -0.6797      |  1           |  0.489       |  0.3558      | -0.1177      |  0.1957      |  0.02111     | -0.263       | -nan         | -nan         | -0.2269      | -nan         | -nan         | -nan         |  0.02441     | -0.03966     | -0.02046     | -0.01234     | -0.02105     |
# Omegak[03000:02] = -0.008174    +/-  0.006405    | -0.3262      |  0.489       |  1           |  0.2532      | -0.04584     |  0.1485      |  0.005925    |  0.05251     | -nan         | -nan         | -0.6264      | -nan         | -nan         | -nan         |  0.1084      | -0.03389     | -0.01778     |  0.1292      |  0.1124      |
#    w_0[03000:07] = -2.365       +/-  1.147       | -0.3068      |  0.3558      |  0.2532      |  1           |  0.07888     |  0.6609      | -0.4728      |  0.1479      | -nan         | -nan         | -0.0445      | -nan         | -nan         | -nan         |  0.01324     | -0.01702     |  0.06788     |  0.478       |  0.4489      |
#    w_1[03000:08] = -0.975       +/-  0.3054      |  0.0587      | -0.1177      | -0.04584     |  0.07888     |  1           |  0.6457      | -0.7316      |  0.3494      | -nan         | -nan         | -0.3217      | -nan         | -nan         | -nan         |  0.03438     |  0.02736     |  0.04411     | -0.02489     | -0.02762     |
#    w_2[03000:09] = -1.444       +/-  0.5179      | -0.1505      |  0.1957      |  0.1485      |  0.6609      |  0.6457      |  1           | -0.5191      |  0.06042     | -nan         | -nan         | -0.008438    | -nan         | -nan         | -nan         |  0.006566    |  0.02763     |  0.08612     |  0.1801      |  0.1744      |
#    w_3[03000:10] = -0.7714      +/-  0.7951      |  0.01562     |  0.02111     |  0.005925    | -0.4728      | -0.7316      | -0.5191      |  1           | -0.5947      | -nan         | -nan         |  0.3649      | -nan         | -nan         | -nan         | -0.04198     | -0.007051    | -0.06391     | -0.2284      | -0.2094      |
#    w_4[03000:11] = -0.9563      +/-  1.387       |  0.07721     | -0.263       |  0.05251     |  0.1479      |  0.3494      |  0.06042     | -0.5947      |  1           | -nan         | -nan         | -0.1715      | -nan         | -nan         | -nan         |  0.02503     | -0.002081    |  0.02017     |  0.09267     |  0.08342     |
#    w_5[03000:12] = -0.001125    +/- -nan         | -nan         | -nan         | -nan         | -nan         | -nan         | -nan         | -nan         | -nan         | -1           |  1.269       | -nan         |  0.5728      |  0.1345      |  2.331       | -nan         | -nan         | -nan         | -nan         | -nan         |
#    w_6[03000:13] = -5           +/- -nan         | -nan         | -nan         | -nan         | -nan         | -nan         | -nan         | -nan         | -nan         |  1.269       | -1           | -nan         |  0.04182     | -0.5996      | -1.437       | -nan         | -nan         | -nan         | -nan         | -nan         |
#    w_7[03000:14] = -0.0001265   +/-  0.2092      |  0.0726      | -0.2269      | -0.6264      | -0.0445      | -0.3217      | -0.008438    |  0.3649      | -0.1715      | -nan         | -nan         |  1           | -nan         | -nan         | -nan         | -0.3507      | -0.00503     |  0.03467     | -0.002485    |  0.002983    |
#    w_8[03000:15] = -4.999       +/- -nan         | -nan         | -nan         | -nan         | -nan         | -nan         | -nan         | -nan         | -nan         |  0.5728      |  0.04182     | -nan         | -1           | -0.8148      |  1.579       | -nan         | -nan         | -nan         | -nan         | -nan         |
#    w_9[03000:16] = -4.56        +/- -nan         | -nan         | -nan         | -nan         | -nan         | -nan         | -nan         | -nan         | -nan         |  0.1345      | -0.5996      | -nan         | -0.8148      | -1           |  3.576       | -nan         | -nan         | -nan         | -nan         | -nan         |
#   w_10[03000:17] = -0.0387      +/- -nan         | -nan         | -nan         | -nan         | -nan         | -nan         | -nan         | -nan         | -nan         |  2.331       | -1.437       | -nan         |  1.579       |  3.576       | -1           | -nan         | -nan         | -nan         | -nan         | -nan         |
#   w_11[03000:18] = -2.101       +/-  1.047e+04   | -0.01084     |  0.02441     |  0.1084      |  0.01324     |  0.03438     |  0.006566    | -0.04198     |  0.02503     | -nan         | -nan         | -0.3507      | -nan         | -nan         | -nan         |  1           |  0.0005958   | -0.003214    |  0.002964    |  0.002296    |
#  alpha[14000:00] =  0.1413      +/-  0.009324    |  0.03647     | -0.03966     | -0.03389     | -0.01702     |  0.02736     |  0.02763     | -0.007051    | -0.002081    | -nan         | -nan         | -0.00503     | -nan         | -nan         | -nan         |  0.0005958   |  1           | -0.04958     |  0.05592     | -0.1208      |
#   beta[14000:01] =  3.091       +/-  0.114       |  0.02302     | -0.02046     | -0.01778     |  0.06788     |  0.04411     |  0.08612     | -0.06391     |  0.02017     | -nan         | -nan         |  0.03467     | -nan         | -nan         | -nan         | -0.003214    | -0.04958     |  1           |  0.07588     |  0.05491     |
#     M1[14000:02] = -19.14       +/-  0.04354     |  0.335       | -0.01234     |  0.1292      |  0.478       | -0.02489     |  0.1801      | -0.2284      |  0.09267     | -nan         | -nan         | -0.002485    | -nan         | -nan         | -nan         |  0.002964    |  0.05592     |  0.07588     |  1           |  0.7392      |
#     M2[14000:03] = -19.21       +/-  0.04656     |  0.3226      | -0.02105     |  0.1124      |  0.4489      | -0.02762     |  0.1744      | -0.2094      |  0.08342     | -nan         | -nan         |  0.002983    | -nan         | -nan         | -nan         |  0.002296    | -0.1208      |  0.05491     |  0.7392      |  1           |
#                                                  ----------------------------------------------------------------------------------------------------------------------------------------------------------------------------------------------------------------------------------------------------------------------------------------------
